{"C:\\Users\\Moust\\OneDrive\\Desktop\\Software Repo\\Team2_backend\\src\\app.js": {"path":"C:\\Users\\Moust\\OneDrive\\Desktop\\Software Repo\\Team2_backend\\src\\app.js","statementMap":{"0":{"start":{"line":1,"column":16},"end":{"line":1,"column":34}},"1":{"start":{"line":2,"column":22},"end":{"line":2,"column":55}},"2":{"start":{"line":3,"column":13},"end":{"line":3,"column":28}},"3":{"start":{"line":4,"column":15},"end":{"line":4,"column":37}},"4":{"start":{"line":6,"column":12},"end":{"line":6,"column":21}},"5":{"start":{"line":9,"column":0},"end":{"line":9,"column":23}},"6":{"start":{"line":12,"column":0},"end":{"line":12,"column":47}},"7":{"start":{"line":14,"column":0},"end":{"line":14,"column":24}},"8":{"start":{"line":17,"column":0},"end":{"line":17,"column":15}},"9":{"start":{"line":18,"column":0},"end":{"line":18,"column":24}},"10":{"start":{"line":21,"column":0},"end":{"line":21,"column":26}},"11":{"start":{"line":27,"column":0},"end":{"line":27,"column":20}}},"fnMap":{},"branchMap":{},"s":{"0":1,"1":1,"2":1,"3":1,"4":1,"5":1,"6":1,"7":1,"8":1,"9":1,"10":1,"11":1},"f":{},"b":{},"_coverageSchema":"1a1c01bbd47fc00a2c39e90264f33305004495a9","hash":"01cb001d2b449faec5ad431e6522ffdb776b26ff"}
,"C:\\Users\\Moust\\OneDrive\\Desktop\\Software Repo\\Team2_backend\\src\\controllers\\album.controller.js": {"path":"C:\\Users\\Moust\\OneDrive\\Desktop\\Software Repo\\Team2_backend\\src\\controllers\\album.controller.js","statementMap":{"0":{"start":{"line":1,"column":77},"end":{"line":1,"column":109}},"1":{"start":{"line":2,"column":14},"end":{"line":2,"column":46}},"2":{"start":{"line":3,"column":13},"end":{"line":3,"column":44}},"3":{"start":{"line":5,"column":20},"end":{"line":46,"column":1}},"4":{"start":{"line":11,"column":22},"end":{"line":11,"column":51}},"5":{"start":{"line":13,"column":4},"end":{"line":14,"column":62}},"6":{"start":{"line":14,"column":8},"end":{"line":14,"column":62}},"7":{"start":{"line":15,"column":4},"end":{"line":45,"column":5}},"8":{"start":{"line":17,"column":8},"end":{"line":18,"column":88}},"9":{"start":{"line":18,"column":12},"end":{"line":18,"column":88}},"10":{"start":{"line":18,"column":56},"end":{"line":18,"column":86}},"11":{"start":{"line":20,"column":8},"end":{"line":31,"column":9}},"12":{"start":{"line":21,"column":12},"end":{"line":22,"column":82}},"13":{"start":{"line":22,"column":16},"end":{"line":22,"column":82}},"14":{"start":{"line":24,"column":12},"end":{"line":30,"column":13}},"15":{"start":{"line":26,"column":16},"end":{"line":29,"column":17}},"16":{"start":{"line":32,"column":22},"end":{"line":35,"column":10}},"17":{"start":{"line":36,"column":8},"end":{"line":36,"column":27}},"18":{"start":{"line":38,"column":28},"end":{"line":38,"column":44}},"19":{"start":{"line":39,"column":8},"end":{"line":39,"column":35}},"20":{"start":{"line":40,"column":8},"end":{"line":40,"column":37}},"21":{"start":{"line":41,"column":8},"end":{"line":41,"column":31}},"22":{"start":{"line":42,"column":8},"end":{"line":42,"column":42}},"23":{"start":{"line":44,"column":8},"end":{"line":44,"column":63}},"24":{"start":{"line":48,"column":20},"end":{"line":76,"column":1}},"25":{"start":{"line":49,"column":16},"end":{"line":49,"column":29}},"26":{"start":{"line":52,"column":20},"end":{"line":52,"column":41}},"27":{"start":{"line":53,"column":27},"end":{"line":53,"column":65}},"28":{"start":{"line":54,"column":29},"end":{"line":54,"column":87}},"29":{"start":{"line":54,"column":55},"end":{"line":54,"column":86}},"30":{"start":{"line":55,"column":4},"end":{"line":56,"column":66}},"31":{"start":{"line":56,"column":8},"end":{"line":56,"column":66}},"32":{"start":{"line":57,"column":22},"end":{"line":57,"column":51}},"33":{"start":{"line":58,"column":4},"end":{"line":59,"column":62}},"34":{"start":{"line":59,"column":8},"end":{"line":59,"column":62}},"35":{"start":{"line":60,"column":23},"end":{"line":60,"column":48}},"36":{"start":{"line":61,"column":4},"end":{"line":62,"column":63}},"37":{"start":{"line":62,"column":8},"end":{"line":62,"column":63}},"38":{"start":{"line":63,"column":4},"end":{"line":75,"column":5}},"39":{"start":{"line":64,"column":22},"end":{"line":64,"column":81}},"40":{"start":{"line":65,"column":8},"end":{"line":67,"column":9}},"41":{"start":{"line":66,"column":12},"end":{"line":66,"column":71}},"42":{"start":{"line":68,"column":8},"end":{"line":70,"column":10}},"43":{"start":{"line":69,"column":12},"end":{"line":69,"column":45}},"44":{"start":{"line":71,"column":8},"end":{"line":71,"column":27}},"45":{"start":{"line":72,"column":8},"end":{"line":72,"column":60}},"46":{"start":{"line":74,"column":8},"end":{"line":74,"column":60}},"47":{"start":{"line":78,"column":20},"end":{"line":95,"column":1}},"48":{"start":{"line":79,"column":4},"end":{"line":79,"column":13}},"49":{"start":{"line":80,"column":16},"end":{"line":80,"column":29}},"50":{"start":{"line":81,"column":22},"end":{"line":81,"column":47}},"51":{"start":{"line":82,"column":4},"end":{"line":83,"column":62}},"52":{"start":{"line":83,"column":8},"end":{"line":83,"column":62}},"53":{"start":{"line":84,"column":4},"end":{"line":93,"column":5}},"54":{"start":{"line":85,"column":22},"end":{"line":85,"column":90}},"55":{"start":{"line":86,"column":8},"end":{"line":88,"column":9}},"56":{"start":{"line":87,"column":12},"end":{"line":87,"column":70}},"57":{"start":{"line":89,"column":8},"end":{"line":89,"column":72}},"58":{"start":{"line":92,"column":8},"end":{"line":92,"column":64}},"59":{"start":{"line":97,"column":21},"end":{"line":114,"column":1}},"60":{"start":{"line":98,"column":16},"end":{"line":98,"column":29}},"61":{"start":{"line":99,"column":22},"end":{"line":99,"column":47}},"62":{"start":{"line":100,"column":4},"end":{"line":101,"column":62}},"63":{"start":{"line":101,"column":8},"end":{"line":101,"column":62}},"64":{"start":{"line":102,"column":4},"end":{"line":113,"column":5}},"65":{"start":{"line":103,"column":22},"end":{"line":103,"column":82}},"66":{"start":{"line":104,"column":8},"end":{"line":105,"column":70}},"67":{"start":{"line":105,"column":12},"end":{"line":105,"column":70}},"68":{"start":{"line":106,"column":8},"end":{"line":106,"column":54}},"69":{"start":{"line":107,"column":28},"end":{"line":107,"column":44}},"70":{"start":{"line":108,"column":8},"end":{"line":108,"column":35}},"71":{"start":{"line":109,"column":8},"end":{"line":109,"column":31}},"72":{"start":{"line":110,"column":8},"end":{"line":110,"column":42}},"73":{"start":{"line":112,"column":8},"end":{"line":112,"column":61}},"74":{"start":{"line":116,"column":22},"end":{"line":134,"column":1}},"75":{"start":{"line":117,"column":17},"end":{"line":117,"column":58}},"76":{"start":{"line":118,"column":4},"end":{"line":133,"column":5}},"77":{"start":{"line":119,"column":8},"end":{"line":119,"column":53}},"78":{"start":{"line":120,"column":23},"end":{"line":120,"column":34}},"79":{"start":{"line":121,"column":24},"end":{"line":121,"column":26}},"80":{"start":{"line":122,"column":8},"end":{"line":127,"column":10}},"81":{"start":{"line":123,"column":29},"end":{"line":123,"column":45}},"82":{"start":{"line":124,"column":12},"end":{"line":124,"column":35}},"83":{"start":{"line":125,"column":12},"end":{"line":125,"column":31}},"84":{"start":{"line":126,"column":12},"end":{"line":126,"column":37}},"85":{"start":{"line":128,"column":8},"end":{"line":128,"column":40}},"86":{"start":{"line":131,"column":8},"end":{"line":131,"column":27}},"87":{"start":{"line":132,"column":8},"end":{"line":132,"column":65}},"88":{"start":{"line":136,"column":27},"end":{"line":155,"column":1}},"89":{"start":{"line":137,"column":4},"end":{"line":154,"column":5}},"90":{"start":{"line":138,"column":21},"end":{"line":138,"column":74}},"91":{"start":{"line":139,"column":8},"end":{"line":140,"column":65}},"92":{"start":{"line":140,"column":12},"end":{"line":140,"column":65}},"93":{"start":{"line":142,"column":8},"end":{"line":142,"column":53}},"94":{"start":{"line":143,"column":23},"end":{"line":143,"column":34}},"95":{"start":{"line":144,"column":24},"end":{"line":144,"column":26}},"96":{"start":{"line":145,"column":8},"end":{"line":150,"column":10}},"97":{"start":{"line":146,"column":29},"end":{"line":146,"column":45}},"98":{"start":{"line":147,"column":12},"end":{"line":147,"column":35}},"99":{"start":{"line":148,"column":12},"end":{"line":148,"column":31}},"100":{"start":{"line":149,"column":12},"end":{"line":149,"column":37}},"101":{"start":{"line":151,"column":8},"end":{"line":151,"column":40}},"102":{"start":{"line":153,"column":8},"end":{"line":153,"column":74}},"103":{"start":{"line":157,"column":0},"end":{"line":164,"column":2}}},"fnMap":{"0":{"name":"(anonymous_0)","decl":{"start":{"line":5,"column":20},"end":{"line":5,"column":21}},"loc":{"start":{"line":5,"column":40},"end":{"line":46,"column":1}},"line":5},"1":{"name":"(anonymous_1)","decl":{"start":{"line":18,"column":36},"end":{"line":18,"column":37}},"loc":{"start":{"line":18,"column":56},"end":{"line":18,"column":86}},"line":18},"2":{"name":"(anonymous_2)","decl":{"start":{"line":48,"column":20},"end":{"line":48,"column":21}},"loc":{"start":{"line":48,"column":40},"end":{"line":76,"column":1}},"line":48},"3":{"name":"(anonymous_3)","decl":{"start":{"line":54,"column":43},"end":{"line":54,"column":44}},"loc":{"start":{"line":54,"column":55},"end":{"line":54,"column":86}},"line":54},"4":{"name":"(anonymous_4)","decl":{"start":{"line":68,"column":24},"end":{"line":68,"column":25}},"loc":{"start":{"line":68,"column":36},"end":{"line":70,"column":9}},"line":68},"5":{"name":"(anonymous_5)","decl":{"start":{"line":78,"column":20},"end":{"line":78,"column":21}},"loc":{"start":{"line":78,"column":40},"end":{"line":95,"column":1}},"line":78},"6":{"name":"(anonymous_6)","decl":{"start":{"line":97,"column":21},"end":{"line":97,"column":22}},"loc":{"start":{"line":97,"column":41},"end":{"line":114,"column":1}},"line":97},"7":{"name":"(anonymous_7)","decl":{"start":{"line":116,"column":22},"end":{"line":116,"column":23}},"loc":{"start":{"line":116,"column":42},"end":{"line":134,"column":1}},"line":116},"8":{"name":"(anonymous_8)","decl":{"start":{"line":122,"column":45},"end":{"line":122,"column":46}},"loc":{"start":{"line":122,"column":56},"end":{"line":127,"column":9}},"line":122},"9":{"name":"(anonymous_9)","decl":{"start":{"line":136,"column":27},"end":{"line":136,"column":28}},"loc":{"start":{"line":136,"column":47},"end":{"line":155,"column":1}},"line":136},"10":{"name":"(anonymous_10)","decl":{"start":{"line":145,"column":45},"end":{"line":145,"column":46}},"loc":{"start":{"line":145,"column":56},"end":{"line":150,"column":9}},"line":145}},"branchMap":{"0":{"loc":{"start":{"line":13,"column":4},"end":{"line":14,"column":62}},"type":"if","locations":[{"start":{"line":13,"column":4},"end":{"line":14,"column":62}},{"start":{"line":13,"column":4},"end":{"line":14,"column":62}}],"line":13},"1":{"loc":{"start":{"line":17,"column":8},"end":{"line":18,"column":88}},"type":"if","locations":[{"start":{"line":17,"column":8},"end":{"line":18,"column":88}},{"start":{"line":17,"column":8},"end":{"line":18,"column":88}}],"line":17},"2":{"loc":{"start":{"line":20,"column":8},"end":{"line":31,"column":9}},"type":"if","locations":[{"start":{"line":20,"column":8},"end":{"line":31,"column":9}},{"start":{"line":20,"column":8},"end":{"line":31,"column":9}}],"line":20},"3":{"loc":{"start":{"line":21,"column":12},"end":{"line":22,"column":82}},"type":"if","locations":[{"start":{"line":21,"column":12},"end":{"line":22,"column":82}},{"start":{"line":21,"column":12},"end":{"line":22,"column":82}}],"line":21},"4":{"loc":{"start":{"line":21,"column":16},"end":{"line":21,"column":84}},"type":"binary-expr","locations":[{"start":{"line":21,"column":16},"end":{"line":21,"column":43}},{"start":{"line":21,"column":47},"end":{"line":21,"column":84}}],"line":21},"5":{"loc":{"start":{"line":24,"column":12},"end":{"line":30,"column":13}},"type":"if","locations":[{"start":{"line":24,"column":12},"end":{"line":30,"column":13}},{"start":{"line":24,"column":12},"end":{"line":30,"column":13}}],"line":24},"6":{"loc":{"start":{"line":55,"column":4},"end":{"line":56,"column":66}},"type":"if","locations":[{"start":{"line":55,"column":4},"end":{"line":56,"column":66}},{"start":{"line":55,"column":4},"end":{"line":56,"column":66}}],"line":55},"7":{"loc":{"start":{"line":55,"column":8},"end":{"line":55,"column":48}},"type":"binary-expr","locations":[{"start":{"line":55,"column":8},"end":{"line":55,"column":25}},{"start":{"line":55,"column":29},"end":{"line":55,"column":48}}],"line":55},"8":{"loc":{"start":{"line":58,"column":4},"end":{"line":59,"column":62}},"type":"if","locations":[{"start":{"line":58,"column":4},"end":{"line":59,"column":62}},{"start":{"line":58,"column":4},"end":{"line":59,"column":62}}],"line":58},"9":{"loc":{"start":{"line":61,"column":4},"end":{"line":62,"column":63}},"type":"if","locations":[{"start":{"line":61,"column":4},"end":{"line":62,"column":63}},{"start":{"line":61,"column":4},"end":{"line":62,"column":63}}],"line":61},"10":{"loc":{"start":{"line":65,"column":8},"end":{"line":67,"column":9}},"type":"if","locations":[{"start":{"line":65,"column":8},"end":{"line":67,"column":9}},{"start":{"line":65,"column":8},"end":{"line":67,"column":9}}],"line":65},"11":{"loc":{"start":{"line":82,"column":4},"end":{"line":83,"column":62}},"type":"if","locations":[{"start":{"line":82,"column":4},"end":{"line":83,"column":62}},{"start":{"line":82,"column":4},"end":{"line":83,"column":62}}],"line":82},"12":{"loc":{"start":{"line":86,"column":8},"end":{"line":88,"column":9}},"type":"if","locations":[{"start":{"line":86,"column":8},"end":{"line":88,"column":9}},{"start":{"line":86,"column":8},"end":{"line":88,"column":9}}],"line":86},"13":{"loc":{"start":{"line":100,"column":4},"end":{"line":101,"column":62}},"type":"if","locations":[{"start":{"line":100,"column":4},"end":{"line":101,"column":62}},{"start":{"line":100,"column":4},"end":{"line":101,"column":62}}],"line":100},"14":{"loc":{"start":{"line":104,"column":8},"end":{"line":105,"column":70}},"type":"if","locations":[{"start":{"line":104,"column":8},"end":{"line":105,"column":70}},{"start":{"line":104,"column":8},"end":{"line":105,"column":70}}],"line":104},"15":{"loc":{"start":{"line":139,"column":8},"end":{"line":140,"column":65}},"type":"if","locations":[{"start":{"line":139,"column":8},"end":{"line":140,"column":65}},{"start":{"line":139,"column":8},"end":{"line":140,"column":65}}],"line":139}},"s":{"0":1,"1":1,"2":1,"3":1,"4":0,"5":0,"6":0,"7":0,"8":0,"9":0,"10":0,"11":0,"12":0,"13":0,"14":0,"15":0,"16":0,"17":0,"18":0,"19":0,"20":0,"21":0,"22":0,"23":0,"24":1,"25":0,"26":0,"27":0,"28":0,"29":0,"30":0,"31":0,"32":0,"33":0,"34":0,"35":0,"36":0,"37":0,"38":0,"39":0,"40":0,"41":0,"42":0,"43":0,"44":0,"45":0,"46":0,"47":1,"48":0,"49":0,"50":0,"51":0,"52":0,"53":0,"54":0,"55":0,"56":0,"57":0,"58":0,"59":1,"60":0,"61":0,"62":0,"63":0,"64":0,"65":0,"66":0,"67":0,"68":0,"69":0,"70":0,"71":0,"72":0,"73":0,"74":1,"75":0,"76":0,"77":0,"78":0,"79":0,"80":0,"81":0,"82":0,"83":0,"84":0,"85":0,"86":0,"87":0,"88":1,"89":0,"90":0,"91":0,"92":0,"93":0,"94":0,"95":0,"96":0,"97":0,"98":0,"99":0,"100":0,"101":0,"102":0,"103":1},"f":{"0":0,"1":0,"2":0,"3":0,"4":0,"5":0,"6":0,"7":0,"8":0,"9":0,"10":0},"b":{"0":[0,0],"1":[0,0],"2":[0,0],"3":[0,0],"4":[0,0],"5":[0,0],"6":[0,0],"7":[0,0],"8":[0,0],"9":[0,0],"10":[0,0],"11":[0,0],"12":[0,0],"13":[0,0],"14":[0,0],"15":[0,0]},"_coverageSchema":"1a1c01bbd47fc00a2c39e90264f33305004495a9","hash":"bc83270b9272ff74835b9cb15fd14816c12be567"}
,"C:\\Users\\Moust\\OneDrive\\Desktop\\Software Repo\\Team2_backend\\src\\controllers\\favs.controller.js": {"path":"C:\\Users\\Moust\\OneDrive\\Desktop\\Software Repo\\Team2_backend\\src\\controllers\\favs.controller.js","statementMap":{"0":{"start":{"line":1,"column":18},"end":{"line":1,"column":50}},"1":{"start":{"line":2,"column":28},"end":{"line":2,"column":59}},"2":{"start":{"line":3,"column":0},"end":{"line":33,"column":1}},"3":{"start":{"line":4,"column":20},"end":{"line":4,"column":37}},"4":{"start":{"line":5,"column":19},"end":{"line":5,"column":36}},"5":{"start":{"line":6,"column":18},"end":{"line":6,"column":54}},"6":{"start":{"line":7,"column":4},"end":{"line":32,"column":5}},"7":{"start":{"line":8,"column":8},"end":{"line":8,"column":68}},"8":{"start":{"line":9,"column":11},"end":{"line":32,"column":5}},"9":{"start":{"line":10,"column":8},"end":{"line":10,"column":60}},"10":{"start":{"line":12,"column":23},"end":{"line":17,"column":17}},"11":{"start":{"line":18,"column":8},"end":{"line":22,"column":9}},"12":{"start":{"line":19,"column":12},"end":{"line":21,"column":14}},"13":{"start":{"line":23,"column":8},"end":{"line":25,"column":10}},"14":{"start":{"line":26,"column":8},"end":{"line":28,"column":10}},"15":{"start":{"line":29,"column":8},"end":{"line":31,"column":10}},"16":{"start":{"line":34,"column":0},"end":{"line":65,"column":1}},"17":{"start":{"line":35,"column":20},"end":{"line":35,"column":38}},"18":{"start":{"line":36,"column":18},"end":{"line":36,"column":54}},"19":{"start":{"line":37,"column":19},"end":{"line":37,"column":36}},"20":{"start":{"line":38,"column":4},"end":{"line":64,"column":5}},"21":{"start":{"line":39,"column":8},"end":{"line":39,"column":68}},"22":{"start":{"line":40,"column":11},"end":{"line":64,"column":5}},"23":{"start":{"line":41,"column":8},"end":{"line":41,"column":60}},"24":{"start":{"line":43,"column":23},"end":{"line":48,"column":17}},"25":{"start":{"line":49,"column":8},"end":{"line":53,"column":9}},"26":{"start":{"line":50,"column":12},"end":{"line":52,"column":14}},"27":{"start":{"line":54,"column":8},"end":{"line":56,"column":10}},"28":{"start":{"line":57,"column":8},"end":{"line":59,"column":10}},"29":{"start":{"line":60,"column":8},"end":{"line":63,"column":10}}},"fnMap":{"0":{"name":"(anonymous_0)","decl":{"start":{"line":3,"column":18},"end":{"line":3,"column":19}},"loc":{"start":{"line":3,"column":44},"end":{"line":33,"column":1}},"line":3},"1":{"name":"(anonymous_1)","decl":{"start":{"line":34,"column":21},"end":{"line":34,"column":22}},"loc":{"start":{"line":34,"column":47},"end":{"line":65,"column":1}},"line":34}},"branchMap":{"0":{"loc":{"start":{"line":7,"column":4},"end":{"line":32,"column":5}},"type":"if","locations":[{"start":{"line":7,"column":4},"end":{"line":32,"column":5}},{"start":{"line":7,"column":4},"end":{"line":32,"column":5}}],"line":7},"1":{"loc":{"start":{"line":9,"column":11},"end":{"line":32,"column":5}},"type":"if","locations":[{"start":{"line":9,"column":11},"end":{"line":32,"column":5}},{"start":{"line":9,"column":11},"end":{"line":32,"column":5}}],"line":9},"2":{"loc":{"start":{"line":18,"column":8},"end":{"line":22,"column":9}},"type":"if","locations":[{"start":{"line":18,"column":8},"end":{"line":22,"column":9}},{"start":{"line":18,"column":8},"end":{"line":22,"column":9}}],"line":18},"3":{"loc":{"start":{"line":38,"column":4},"end":{"line":64,"column":5}},"type":"if","locations":[{"start":{"line":38,"column":4},"end":{"line":64,"column":5}},{"start":{"line":38,"column":4},"end":{"line":64,"column":5}}],"line":38},"4":{"loc":{"start":{"line":40,"column":11},"end":{"line":64,"column":5}},"type":"if","locations":[{"start":{"line":40,"column":11},"end":{"line":64,"column":5}},{"start":{"line":40,"column":11},"end":{"line":64,"column":5}}],"line":40},"5":{"loc":{"start":{"line":49,"column":8},"end":{"line":53,"column":9}},"type":"if","locations":[{"start":{"line":49,"column":8},"end":{"line":53,"column":9}},{"start":{"line":49,"column":8},"end":{"line":53,"column":9}}],"line":49}},"s":{"0":2,"1":2,"2":2,"3":7,"4":7,"5":7,"6":7,"7":1,"8":6,"9":6,"10":0,"11":0,"12":0,"13":0,"14":0,"15":0,"16":2,"17":7,"18":7,"19":7,"20":7,"21":1,"22":6,"23":6,"24":0,"25":0,"26":0,"27":0,"28":0,"29":0},"f":{"0":7,"1":7},"b":{"0":[1,6],"1":[6,0],"2":[0,0],"3":[1,6],"4":[6,0],"5":[0,0]},"_coverageSchema":"1a1c01bbd47fc00a2c39e90264f33305004495a9","hash":"fdc4160291c734c09333247a29c298f6d803e015"}
,"C:\\Users\\Moust\\OneDrive\\Desktop\\Software Repo\\Team2_backend\\src\\controllers\\gallery.controller.js": {"path":"C:\\Users\\Moust\\OneDrive\\Desktop\\Software Repo\\Team2_backend\\src\\controllers\\gallery.controller.js","statementMap":{"0":{"start":{"line":1,"column":17},"end":{"line":1,"column":36}},"1":{"start":{"line":2,"column":12},"end":{"line":2,"column":44}},"2":{"start":{"line":3,"column":10},"end":{"line":3,"column":27}},"3":{"start":{"line":4,"column":46},"end":{"line":4,"column":80}},"4":{"start":{"line":5,"column":11},"end":{"line":5,"column":42}},"5":{"start":{"line":8,"column":0},"end":{"line":32,"column":2}},"6":{"start":{"line":9,"column":22},"end":{"line":9,"column":47}},"7":{"start":{"line":11,"column":4},"end":{"line":11,"column":79}},"8":{"start":{"line":11,"column":15},"end":{"line":11,"column":79}},"9":{"start":{"line":13,"column":5},"end":{"line":31,"column":5}},"10":{"start":{"line":14,"column":24},"end":{"line":14,"column":79}},"11":{"start":{"line":16,"column":21},"end":{"line":16,"column":69}},"12":{"start":{"line":18,"column":8},"end":{"line":18,"column":30}},"13":{"start":{"line":19,"column":8},"end":{"line":19,"column":39}},"14":{"start":{"line":21,"column":8},"end":{"line":21,"column":39}},"15":{"start":{"line":23,"column":8},"end":{"line":23,"column":29}},"16":{"start":{"line":24,"column":8},"end":{"line":24,"column":26}},"17":{"start":{"line":25,"column":8},"end":{"line":28,"column":11}},"18":{"start":{"line":30,"column":8},"end":{"line":30,"column":67}},"19":{"start":{"line":35,"column":0},"end":{"line":60,"column":2}},"20":{"start":{"line":36,"column":19},"end":{"line":36,"column":62}},"21":{"start":{"line":37,"column":4},"end":{"line":37,"column":76}},"22":{"start":{"line":37,"column":17},"end":{"line":37,"column":76}},"23":{"start":{"line":39,"column":17},"end":{"line":39,"column":62}},"24":{"start":{"line":40,"column":4},"end":{"line":40,"column":72}},"25":{"start":{"line":40,"column":15},"end":{"line":40,"column":72}},"26":{"start":{"line":42,"column":4},"end":{"line":45,"column":5}},"27":{"start":{"line":44,"column":8},"end":{"line":44,"column":64}},"28":{"start":{"line":47,"column":4},"end":{"line":47,"column":125}},"29":{"start":{"line":47,"column":51},"end":{"line":47,"column":125}},"30":{"start":{"line":49,"column":4},"end":{"line":59,"column":5}},"31":{"start":{"line":50,"column":8},"end":{"line":50,"column":47}},"32":{"start":{"line":51,"column":8},"end":{"line":51,"column":29}},"33":{"start":{"line":53,"column":8},"end":{"line":56,"column":11}},"34":{"start":{"line":58,"column":8},"end":{"line":58,"column":73}},"35":{"start":{"line":62,"column":0},"end":{"line":98,"column":2}},"36":{"start":{"line":63,"column":19},"end":{"line":63,"column":64}},"37":{"start":{"line":64,"column":4},"end":{"line":64,"column":76}},"38":{"start":{"line":64,"column":17},"end":{"line":64,"column":76}},"39":{"start":{"line":66,"column":17},"end":{"line":66,"column":64}},"40":{"start":{"line":67,"column":4},"end":{"line":67,"column":72}},"41":{"start":{"line":67,"column":15},"end":{"line":67,"column":72}},"42":{"start":{"line":69,"column":4},"end":{"line":72,"column":5}},"43":{"start":{"line":71,"column":8},"end":{"line":71,"column":70}},"44":{"start":{"line":74,"column":4},"end":{"line":74,"column":127}},"45":{"start":{"line":74,"column":54},"end":{"line":74,"column":127}},"46":{"start":{"line":76,"column":4},"end":{"line":97,"column":5}},"47":{"start":{"line":77,"column":18},"end":{"line":77,"column":20}},"48":{"start":{"line":80,"column":8},"end":{"line":86,"column":9}},"49":{"start":{"line":82,"column":12},"end":{"line":85,"column":13}},"50":{"start":{"line":84,"column":16},"end":{"line":84,"column":24}},"51":{"start":{"line":89,"column":8},"end":{"line":91,"column":9}},"52":{"start":{"line":90,"column":12},"end":{"line":90,"column":44}},"53":{"start":{"line":93,"column":8},"end":{"line":93,"column":29}},"54":{"start":{"line":94,"column":8},"end":{"line":94,"column":69}}},"fnMap":{"0":{"name":"(anonymous_0)","decl":{"start":{"line":8,"column":22},"end":{"line":8,"column":23}},"loc":{"start":{"line":8,"column":38},"end":{"line":32,"column":1}},"line":8},"1":{"name":"(anonymous_1)","decl":{"start":{"line":35,"column":24},"end":{"line":35,"column":25}},"loc":{"start":{"line":35,"column":40},"end":{"line":60,"column":1}},"line":35},"2":{"name":"(anonymous_2)","decl":{"start":{"line":62,"column":27},"end":{"line":62,"column":28}},"loc":{"start":{"line":62,"column":43},"end":{"line":98,"column":1}},"line":62}},"branchMap":{"0":{"loc":{"start":{"line":11,"column":4},"end":{"line":11,"column":79}},"type":"if","locations":[{"start":{"line":11,"column":4},"end":{"line":11,"column":79}},{"start":{"line":11,"column":4},"end":{"line":11,"column":79}}],"line":11},"1":{"loc":{"start":{"line":37,"column":4},"end":{"line":37,"column":76}},"type":"if","locations":[{"start":{"line":37,"column":4},"end":{"line":37,"column":76}},{"start":{"line":37,"column":4},"end":{"line":37,"column":76}}],"line":37},"2":{"loc":{"start":{"line":40,"column":4},"end":{"line":40,"column":72}},"type":"if","locations":[{"start":{"line":40,"column":4},"end":{"line":40,"column":72}},{"start":{"line":40,"column":4},"end":{"line":40,"column":72}}],"line":40},"3":{"loc":{"start":{"line":42,"column":4},"end":{"line":45,"column":5}},"type":"if","locations":[{"start":{"line":42,"column":4},"end":{"line":45,"column":5}},{"start":{"line":42,"column":4},"end":{"line":45,"column":5}}],"line":42},"4":{"loc":{"start":{"line":47,"column":4},"end":{"line":47,"column":125}},"type":"if","locations":[{"start":{"line":47,"column":4},"end":{"line":47,"column":125}},{"start":{"line":47,"column":4},"end":{"line":47,"column":125}}],"line":47},"5":{"loc":{"start":{"line":64,"column":4},"end":{"line":64,"column":76}},"type":"if","locations":[{"start":{"line":64,"column":4},"end":{"line":64,"column":76}},{"start":{"line":64,"column":4},"end":{"line":64,"column":76}}],"line":64},"6":{"loc":{"start":{"line":67,"column":4},"end":{"line":67,"column":72}},"type":"if","locations":[{"start":{"line":67,"column":4},"end":{"line":67,"column":72}},{"start":{"line":67,"column":4},"end":{"line":67,"column":72}}],"line":67},"7":{"loc":{"start":{"line":69,"column":4},"end":{"line":72,"column":5}},"type":"if","locations":[{"start":{"line":69,"column":4},"end":{"line":72,"column":5}},{"start":{"line":69,"column":4},"end":{"line":72,"column":5}}],"line":69},"8":{"loc":{"start":{"line":74,"column":4},"end":{"line":74,"column":127}},"type":"if","locations":[{"start":{"line":74,"column":4},"end":{"line":74,"column":127}},{"start":{"line":74,"column":4},"end":{"line":74,"column":127}}],"line":74},"9":{"loc":{"start":{"line":82,"column":12},"end":{"line":85,"column":13}},"type":"if","locations":[{"start":{"line":82,"column":12},"end":{"line":85,"column":13}},{"start":{"line":82,"column":12},"end":{"line":85,"column":13}}],"line":82},"10":{"loc":{"start":{"line":89,"column":8},"end":{"line":91,"column":9}},"type":"if","locations":[{"start":{"line":89,"column":8},"end":{"line":91,"column":9}},{"start":{"line":89,"column":8},"end":{"line":91,"column":9}}],"line":89}},"s":{"0":1,"1":1,"2":1,"3":1,"4":1,"5":1,"6":0,"7":0,"8":0,"9":0,"10":0,"11":0,"12":0,"13":0,"14":0,"15":0,"16":0,"17":0,"18":0,"19":1,"20":0,"21":0,"22":0,"23":0,"24":0,"25":0,"26":0,"27":0,"28":0,"29":0,"30":0,"31":0,"32":0,"33":0,"34":0,"35":1,"36":0,"37":0,"38":0,"39":0,"40":0,"41":0,"42":0,"43":0,"44":0,"45":0,"46":0,"47":0,"48":0,"49":0,"50":0,"51":0,"52":0,"53":0,"54":0},"f":{"0":0,"1":0,"2":0},"b":{"0":[0,0],"1":[0,0],"2":[0,0],"3":[0,0],"4":[0,0],"5":[0,0],"6":[0,0],"7":[0,0],"8":[0,0],"9":[0,0],"10":[0,0]},"_coverageSchema":"1a1c01bbd47fc00a2c39e90264f33305004495a9","hash":"aba841ff33378f6f96d38133f5edad1b84886256"}
,"C:\\Users\\Moust\\OneDrive\\Desktop\\Software Repo\\Team2_backend\\src\\controllers\\index.js": {"path":"C:\\Users\\Moust\\OneDrive\\Desktop\\Software Repo\\Team2_backend\\src\\controllers\\index.js","statementMap":{"0":{"start":{"line":1,"column":0},"end":{"line":1,"column":53}}},"fnMap":{},"branchMap":{},"s":{"0":1},"f":{},"b":{},"_coverageSchema":"1a1c01bbd47fc00a2c39e90264f33305004495a9","hash":"67b40c2226eb0711ba094d17e5ef4c1977fb4224"}
,"C:\\Users\\Moust\\OneDrive\\Desktop\\Software Repo\\Team2_backend\\src\\controllers\\photo.controller.js": {"path":"C:\\Users\\Moust\\OneDrive\\Desktop\\Software Repo\\Team2_backend\\src\\controllers\\photo.controller.js","statementMap":{"0":{"start":{"line":1,"column":71},"end":{"line":1,"column":103}},"1":{"start":{"line":2,"column":15},"end":{"line":2,"column":32}},"2":{"start":{"line":5,"column":16},"end":{"line":12,"column":2}},"3":{"start":{"line":7,"column":8},"end":{"line":7,"column":30}},"4":{"start":{"line":10,"column":8},"end":{"line":10,"column":82}},"5":{"start":{"line":14,"column":0},"end":{"line":24,"column":2}},"6":{"start":{"line":20,"column":8},"end":{"line":22,"column":9}},"7":{"start":{"line":21,"column":12},"end":{"line":21,"column":72}},"8":{"start":{"line":27,"column":0},"end":{"line":47,"column":1}},"9":{"start":{"line":28,"column":16},"end":{"line":28,"column":36}},"10":{"start":{"line":29,"column":18},"end":{"line":33,"column":6}},"11":{"start":{"line":34,"column":22},"end":{"line":34,"column":45}},"12":{"start":{"line":35,"column":4},"end":{"line":38,"column":5}},"13":{"start":{"line":36,"column":8},"end":{"line":36,"column":46}},"14":{"start":{"line":37,"column":8},"end":{"line":37,"column":73}},"15":{"start":{"line":39,"column":4},"end":{"line":45,"column":5}},"16":{"start":{"line":40,"column":8},"end":{"line":40,"column":26}},"17":{"start":{"line":41,"column":8},"end":{"line":41,"column":36}},"18":{"start":{"line":44,"column":8},"end":{"line":44,"column":64}},"19":{"start":{"line":51,"column":0},"end":{"line":61,"column":1}},"20":{"start":{"line":53,"column":22},"end":{"line":53,"column":60}},"21":{"start":{"line":54,"column":4},"end":{"line":54,"column":69}},"22":{"start":{"line":54,"column":15},"end":{"line":54,"column":69}},"23":{"start":{"line":56,"column":18},"end":{"line":57,"column":54}},"24":{"start":{"line":58,"column":4},"end":{"line":58,"column":63}},"25":{"start":{"line":58,"column":16},"end":{"line":58,"column":63}},"26":{"start":{"line":59,"column":4},"end":{"line":60,"column":53}},"27":{"start":{"line":60,"column":8},"end":{"line":60,"column":53}},"28":{"start":{"line":64,"column":0},"end":{"line":82,"column":1}},"29":{"start":{"line":66,"column":22},"end":{"line":66,"column":60}},"30":{"start":{"line":67,"column":4},"end":{"line":67,"column":69}},"31":{"start":{"line":67,"column":15},"end":{"line":67,"column":69}},"32":{"start":{"line":69,"column":18},"end":{"line":70,"column":54}},"33":{"start":{"line":71,"column":4},"end":{"line":71,"column":63}},"34":{"start":{"line":71,"column":16},"end":{"line":71,"column":63}},"35":{"start":{"line":72,"column":4},"end":{"line":73,"column":53}},"36":{"start":{"line":73,"column":8},"end":{"line":73,"column":53}},"37":{"start":{"line":75,"column":4},"end":{"line":81,"column":5}},"38":{"start":{"line":76,"column":8},"end":{"line":76,"column":45}},"39":{"start":{"line":79,"column":8},"end":{"line":79,"column":32}},"40":{"start":{"line":84,"column":0},"end":{"line":111,"column":2}},"41":{"start":{"line":86,"column":22},"end":{"line":86,"column":60}},"42":{"start":{"line":87,"column":4},"end":{"line":87,"column":69}},"43":{"start":{"line":87,"column":15},"end":{"line":87,"column":69}},"44":{"start":{"line":89,"column":17},"end":{"line":89,"column":57}},"45":{"start":{"line":90,"column":4},"end":{"line":90,"column":63}},"46":{"start":{"line":90,"column":16},"end":{"line":90,"column":63}},"47":{"start":{"line":92,"column":4},"end":{"line":93,"column":53}},"48":{"start":{"line":93,"column":8},"end":{"line":93,"column":53}},"49":{"start":{"line":95,"column":19},"end":{"line":95,"column":44}},"50":{"start":{"line":96,"column":4},"end":{"line":96,"column":83}},"51":{"start":{"line":96,"column":22},"end":{"line":96,"column":83}},"52":{"start":{"line":98,"column":20},"end":{"line":101,"column":6}},"53":{"start":{"line":102,"column":4},"end":{"line":110,"column":5}},"54":{"start":{"line":103,"column":8},"end":{"line":103,"column":37}},"55":{"start":{"line":104,"column":8},"end":{"line":104,"column":27}},"56":{"start":{"line":105,"column":8},"end":{"line":105,"column":59}},"57":{"start":{"line":108,"column":8},"end":{"line":108,"column":32}},"58":{"start":{"line":114,"column":0},"end":{"line":143,"column":2}},"59":{"start":{"line":116,"column":22},"end":{"line":116,"column":60}},"60":{"start":{"line":117,"column":4},"end":{"line":117,"column":69}},"61":{"start":{"line":117,"column":15},"end":{"line":117,"column":69}},"62":{"start":{"line":119,"column":18},"end":{"line":119,"column":58}},"63":{"start":{"line":120,"column":4},"end":{"line":120,"column":63}},"64":{"start":{"line":120,"column":16},"end":{"line":120,"column":63}},"65":{"start":{"line":122,"column":4},"end":{"line":123,"column":53}},"66":{"start":{"line":123,"column":8},"end":{"line":123,"column":53}},"67":{"start":{"line":125,"column":19},"end":{"line":125,"column":57}},"68":{"start":{"line":126,"column":4},"end":{"line":126,"column":83}},"69":{"start":{"line":126,"column":22},"end":{"line":126,"column":83}},"70":{"start":{"line":128,"column":20},"end":{"line":128,"column":65}},"71":{"start":{"line":129,"column":4},"end":{"line":129,"column":67}},"72":{"start":{"line":129,"column":18},"end":{"line":129,"column":67}},"73":{"start":{"line":131,"column":4},"end":{"line":132,"column":92}},"74":{"start":{"line":132,"column":8},"end":{"line":132,"column":92}},"75":{"start":{"line":134,"column":4},"end":{"line":142,"column":5}},"76":{"start":{"line":135,"column":8},"end":{"line":135,"column":25}},"77":{"start":{"line":136,"column":8},"end":{"line":136,"column":21}},"78":{"start":{"line":137,"column":8},"end":{"line":137,"column":61}},"79":{"start":{"line":140,"column":8},"end":{"line":140,"column":32}}},"fnMap":{"0":{"name":"(anonymous_0)","decl":{"start":{"line":6,"column":17},"end":{"line":6,"column":18}},"loc":{"start":{"line":6,"column":42},"end":{"line":8,"column":5}},"line":6},"1":{"name":"(anonymous_1)","decl":{"start":{"line":9,"column":14},"end":{"line":9,"column":15}},"loc":{"start":{"line":9,"column":39},"end":{"line":11,"column":5}},"line":9},"2":{"name":"(anonymous_2)","decl":{"start":{"line":19,"column":4},"end":{"line":19,"column":5}},"loc":{"start":{"line":19,"column":29},"end":{"line":23,"column":5}},"line":19},"3":{"name":"(anonymous_3)","decl":{"start":{"line":27,"column":19},"end":{"line":27,"column":20}},"loc":{"start":{"line":27,"column":39},"end":{"line":47,"column":1}},"line":27},"4":{"name":"(anonymous_4)","decl":{"start":{"line":51,"column":22},"end":{"line":51,"column":23}},"loc":{"start":{"line":51,"column":42},"end":{"line":61,"column":1}},"line":51},"5":{"name":"(anonymous_5)","decl":{"start":{"line":64,"column":22},"end":{"line":64,"column":23}},"loc":{"start":{"line":64,"column":42},"end":{"line":82,"column":1}},"line":64},"6":{"name":"(anonymous_6)","decl":{"start":{"line":84,"column":21},"end":{"line":84,"column":22}},"loc":{"start":{"line":84,"column":41},"end":{"line":111,"column":1}},"line":84},"7":{"name":"(anonymous_7)","decl":{"start":{"line":114,"column":24},"end":{"line":114,"column":25}},"loc":{"start":{"line":114,"column":44},"end":{"line":143,"column":1}},"line":114}},"branchMap":{"0":{"loc":{"start":{"line":20,"column":8},"end":{"line":22,"column":9}},"type":"if","locations":[{"start":{"line":20,"column":8},"end":{"line":22,"column":9}},{"start":{"line":20,"column":8},"end":{"line":22,"column":9}}],"line":20},"1":{"loc":{"start":{"line":35,"column":4},"end":{"line":38,"column":5}},"type":"if","locations":[{"start":{"line":35,"column":4},"end":{"line":38,"column":5}},{"start":{"line":35,"column":4},"end":{"line":38,"column":5}}],"line":35},"2":{"loc":{"start":{"line":54,"column":4},"end":{"line":54,"column":69}},"type":"if","locations":[{"start":{"line":54,"column":4},"end":{"line":54,"column":69}},{"start":{"line":54,"column":4},"end":{"line":54,"column":69}}],"line":54},"3":{"loc":{"start":{"line":58,"column":4},"end":{"line":58,"column":63}},"type":"if","locations":[{"start":{"line":58,"column":4},"end":{"line":58,"column":63}},{"start":{"line":58,"column":4},"end":{"line":58,"column":63}}],"line":58},"4":{"loc":{"start":{"line":59,"column":4},"end":{"line":60,"column":53}},"type":"if","locations":[{"start":{"line":59,"column":4},"end":{"line":60,"column":53}},{"start":{"line":59,"column":4},"end":{"line":60,"column":53}}],"line":59},"5":{"loc":{"start":{"line":59,"column":8},"end":{"line":59,"column":76}},"type":"binary-expr","locations":[{"start":{"line":59,"column":8},"end":{"line":59,"column":35}},{"start":{"line":59,"column":39},"end":{"line":59,"column":76}}],"line":59},"6":{"loc":{"start":{"line":67,"column":4},"end":{"line":67,"column":69}},"type":"if","locations":[{"start":{"line":67,"column":4},"end":{"line":67,"column":69}},{"start":{"line":67,"column":4},"end":{"line":67,"column":69}}],"line":67},"7":{"loc":{"start":{"line":71,"column":4},"end":{"line":71,"column":63}},"type":"if","locations":[{"start":{"line":71,"column":4},"end":{"line":71,"column":63}},{"start":{"line":71,"column":4},"end":{"line":71,"column":63}}],"line":71},"8":{"loc":{"start":{"line":72,"column":4},"end":{"line":73,"column":53}},"type":"if","locations":[{"start":{"line":72,"column":4},"end":{"line":73,"column":53}},{"start":{"line":72,"column":4},"end":{"line":73,"column":53}}],"line":72},"9":{"loc":{"start":{"line":72,"column":8},"end":{"line":72,"column":76}},"type":"binary-expr","locations":[{"start":{"line":72,"column":8},"end":{"line":72,"column":35}},{"start":{"line":72,"column":39},"end":{"line":72,"column":76}}],"line":72},"10":{"loc":{"start":{"line":87,"column":4},"end":{"line":87,"column":69}},"type":"if","locations":[{"start":{"line":87,"column":4},"end":{"line":87,"column":69}},{"start":{"line":87,"column":4},"end":{"line":87,"column":69}}],"line":87},"11":{"loc":{"start":{"line":90,"column":4},"end":{"line":90,"column":63}},"type":"if","locations":[{"start":{"line":90,"column":4},"end":{"line":90,"column":63}},{"start":{"line":90,"column":4},"end":{"line":90,"column":63}}],"line":90},"12":{"loc":{"start":{"line":92,"column":4},"end":{"line":93,"column":53}},"type":"if","locations":[{"start":{"line":92,"column":4},"end":{"line":93,"column":53}},{"start":{"line":92,"column":4},"end":{"line":93,"column":53}}],"line":92},"13":{"loc":{"start":{"line":92,"column":7},"end":{"line":92,"column":71}},"type":"binary-expr","locations":[{"start":{"line":92,"column":7},"end":{"line":92,"column":32}},{"start":{"line":92,"column":36},"end":{"line":92,"column":71}}],"line":92},"14":{"loc":{"start":{"line":96,"column":4},"end":{"line":96,"column":83}},"type":"if","locations":[{"start":{"line":96,"column":4},"end":{"line":96,"column":83}},{"start":{"line":96,"column":4},"end":{"line":96,"column":83}}],"line":96},"15":{"loc":{"start":{"line":117,"column":4},"end":{"line":117,"column":69}},"type":"if","locations":[{"start":{"line":117,"column":4},"end":{"line":117,"column":69}},{"start":{"line":117,"column":4},"end":{"line":117,"column":69}}],"line":117},"16":{"loc":{"start":{"line":120,"column":4},"end":{"line":120,"column":63}},"type":"if","locations":[{"start":{"line":120,"column":4},"end":{"line":120,"column":63}},{"start":{"line":120,"column":4},"end":{"line":120,"column":63}}],"line":120},"17":{"loc":{"start":{"line":122,"column":4},"end":{"line":123,"column":53}},"type":"if","locations":[{"start":{"line":122,"column":4},"end":{"line":123,"column":53}},{"start":{"line":122,"column":4},"end":{"line":123,"column":53}}],"line":122},"18":{"loc":{"start":{"line":122,"column":8},"end":{"line":122,"column":76}},"type":"binary-expr","locations":[{"start":{"line":122,"column":8},"end":{"line":122,"column":35}},{"start":{"line":122,"column":39},"end":{"line":122,"column":76}}],"line":122},"19":{"loc":{"start":{"line":126,"column":4},"end":{"line":126,"column":83}},"type":"if","locations":[{"start":{"line":126,"column":4},"end":{"line":126,"column":83}},{"start":{"line":126,"column":4},"end":{"line":126,"column":83}}],"line":126},"20":{"loc":{"start":{"line":129,"column":4},"end":{"line":129,"column":67}},"type":"if","locations":[{"start":{"line":129,"column":4},"end":{"line":129,"column":67}},{"start":{"line":129,"column":4},"end":{"line":129,"column":67}}],"line":129},"21":{"loc":{"start":{"line":131,"column":4},"end":{"line":132,"column":92}},"type":"if","locations":[{"start":{"line":131,"column":4},"end":{"line":132,"column":92}},{"start":{"line":131,"column":4},"end":{"line":132,"column":92}}],"line":131},"22":{"loc":{"start":{"line":131,"column":8},"end":{"line":131,"column":89}},"type":"binary-expr","locations":[{"start":{"line":131,"column":8},"end":{"line":131,"column":48}},{"start":{"line":131,"column":52},"end":{"line":131,"column":89}}],"line":131}},"s":{"0":1,"1":1,"2":1,"3":0,"4":0,"5":1,"6":0,"7":0,"8":1,"9":0,"10":0,"11":0,"12":0,"13":0,"14":0,"15":0,"16":0,"17":0,"18":0,"19":1,"20":0,"21":0,"22":0,"23":0,"24":0,"25":0,"26":0,"27":0,"28":1,"29":0,"30":0,"31":0,"32":0,"33":0,"34":0,"35":0,"36":0,"37":0,"38":0,"39":0,"40":1,"41":0,"42":0,"43":0,"44":0,"45":0,"46":0,"47":0,"48":0,"49":0,"50":0,"51":0,"52":0,"53":0,"54":0,"55":0,"56":0,"57":0,"58":1,"59":0,"60":0,"61":0,"62":0,"63":0,"64":0,"65":0,"66":0,"67":0,"68":0,"69":0,"70":0,"71":0,"72":0,"73":0,"74":0,"75":0,"76":0,"77":0,"78":0,"79":0},"f":{"0":0,"1":0,"2":0,"3":0,"4":0,"5":0,"6":0,"7":0},"b":{"0":[0,0],"1":[0,0],"2":[0,0],"3":[0,0],"4":[0,0],"5":[0,0],"6":[0,0],"7":[0,0],"8":[0,0],"9":[0,0],"10":[0,0],"11":[0,0],"12":[0,0],"13":[0,0],"14":[0,0],"15":[0,0],"16":[0,0],"17":[0,0],"18":[0,0],"19":[0,0],"20":[0,0],"21":[0,0],"22":[0,0]},"_coverageSchema":"1a1c01bbd47fc00a2c39e90264f33305004495a9","hash":"93367879f56f509689609dc8c06f5009b0b54320"}
,"C:\\Users\\Moust\\OneDrive\\Desktop\\Software Repo\\Team2_backend\\src\\controllers\\user.controller.js": {"path":"C:\\Users\\Moust\\OneDrive\\Desktop\\Software Repo\\Team2_backend\\src\\controllers\\user.controller.js","statementMap":{"0":{"start":{"line":1,"column":15},"end":{"line":1,"column":34}},"1":{"start":{"line":2,"column":13},"end":{"line":2,"column":32}},"2":{"start":{"line":3,"column":10},"end":{"line":3,"column":33}},"3":{"start":{"line":4,"column":21},"end":{"line":4,"column":47}},"4":{"start":{"line":6,"column":12},"end":{"line":6,"column":43}},"5":{"start":{"line":7,"column":13},"end":{"line":7,"column":30}},"6":{"start":{"line":8,"column":13},"end":{"line":8,"column":34}},"7":{"start":{"line":13,"column":0},"end":{"line":51,"column":1}},"8":{"start":{"line":14,"column":17},"end":{"line":14,"column":47}},"9":{"start":{"line":15,"column":4},"end":{"line":16,"column":69}},"10":{"start":{"line":16,"column":4},"end":{"line":16,"column":69}},"11":{"start":{"line":17,"column":20},"end":{"line":17,"column":54}},"12":{"start":{"line":29,"column":0},"end":{"line":49,"column":2}},"13":{"start":{"line":39,"column":4},"end":{"line":45,"column":9}},"14":{"start":{"line":40,"column":8},"end":{"line":41,"column":68}},"15":{"start":{"line":41,"column":8},"end":{"line":41,"column":68}},"16":{"start":{"line":42,"column":6},"end":{"line":43,"column":81}},"17":{"start":{"line":46,"column":6},"end":{"line":46,"column":33}},"18":{"start":{"line":47,"column":6},"end":{"line":47,"column":13}},"19":{"start":{"line":55,"column":0},"end":{"line":71,"column":2}},"20":{"start":{"line":56,"column":4},"end":{"line":65,"column":6}},"21":{"start":{"line":57,"column":8},"end":{"line":58,"column":56}},"22":{"start":{"line":58,"column":10},"end":{"line":58,"column":56}},"23":{"start":{"line":59,"column":10},"end":{"line":60,"column":59}},"24":{"start":{"line":60,"column":10},"end":{"line":60,"column":59}},"25":{"start":{"line":61,"column":10},"end":{"line":61,"column":37}},"26":{"start":{"line":74,"column":0},"end":{"line":108,"column":1}},"27":{"start":{"line":75,"column":17},"end":{"line":75,"column":46}},"28":{"start":{"line":76,"column":4},"end":{"line":77,"column":69}},"29":{"start":{"line":77,"column":4},"end":{"line":77,"column":69}},"30":{"start":{"line":79,"column":3},"end":{"line":105,"column":3}},"31":{"start":{"line":80,"column":8},"end":{"line":81,"column":120}},"32":{"start":{"line":81,"column":8},"end":{"line":81,"column":120}},"33":{"start":{"line":83,"column":8},"end":{"line":97,"column":9}},"34":{"start":{"line":85,"column":12},"end":{"line":95,"column":14}},"35":{"start":{"line":87,"column":16},"end":{"line":90,"column":17}},"36":{"start":{"line":88,"column":20},"end":{"line":88,"column":85}},"37":{"start":{"line":91,"column":16},"end":{"line":91,"column":44}},"38":{"start":{"line":92,"column":16},"end":{"line":92,"column":23}},"39":{"start":{"line":93,"column":16},"end":{"line":93,"column":23}},"40":{"start":{"line":96,"column":12},"end":{"line":96,"column":19}},"41":{"start":{"line":98,"column":8},"end":{"line":100,"column":9}},"42":{"start":{"line":99,"column":12},"end":{"line":99,"column":90}},"43":{"start":{"line":111,"column":0},"end":{"line":138,"column":1}},"44":{"start":{"line":112,"column":10},"end":{"line":112,"column":26}},"45":{"start":{"line":113,"column":0},"end":{"line":133,"column":2}},"46":{"start":{"line":115,"column":10},"end":{"line":115,"column":23}},"47":{"start":{"line":117,"column":0},"end":{"line":129,"column":3}},"48":{"start":{"line":118,"column":0},"end":{"line":125,"column":1}},"49":{"start":{"line":119,"column":0},"end":{"line":119,"column":58}},"50":{"start":{"line":121,"column":4},"end":{"line":121,"column":23}},"51":{"start":{"line":122,"column":4},"end":{"line":122,"column":16}},"52":{"start":{"line":123,"column":4},"end":{"line":123,"column":68}}},"fnMap":{"0":{"name":"(anonymous_0)","decl":{"start":{"line":13,"column":24},"end":{"line":13,"column":25}},"loc":{"start":{"line":13,"column":45},"end":{"line":51,"column":1}},"line":13},"1":{"name":"(anonymous_1)","decl":{"start":{"line":37,"column":2},"end":{"line":37,"column":3}},"loc":{"start":{"line":37,"column":14},"end":{"line":48,"column":1}},"line":37},"2":{"name":"(anonymous_2)","decl":{"start":{"line":55,"column":23},"end":{"line":55,"column":24}},"loc":{"start":{"line":55,"column":34},"end":{"line":71,"column":1}},"line":55},"3":{"name":"(anonymous_3)","decl":{"start":{"line":56,"column":66},"end":{"line":56,"column":67}},"loc":{"start":{"line":56,"column":78},"end":{"line":65,"column":5}},"line":56},"4":{"name":"(anonymous_4)","decl":{"start":{"line":74,"column":21},"end":{"line":74,"column":22}},"loc":{"start":{"line":74,"column":42},"end":{"line":108,"column":1}},"line":74},"5":{"name":"(anonymous_5)","decl":{"start":{"line":79,"column":56},"end":{"line":79,"column":57}},"loc":{"start":{"line":79,"column":70},"end":{"line":105,"column":1}},"line":79},"6":{"name":"(anonymous_6)","decl":{"start":{"line":85,"column":60},"end":{"line":85,"column":61}},"loc":{"start":{"line":85,"column":67},"end":{"line":95,"column":13}},"line":85},"7":{"name":"(anonymous_7)","decl":{"start":{"line":111,"column":27},"end":{"line":111,"column":28}},"loc":{"start":{"line":111,"column":43},"end":{"line":138,"column":1}},"line":111},"8":{"name":"(anonymous_8)","decl":{"start":{"line":113,"column":30},"end":{"line":113,"column":31}},"loc":{"start":{"line":113,"column":50},"end":{"line":133,"column":1}},"line":113},"9":{"name":"(anonymous_9)","decl":{"start":{"line":117,"column":44},"end":{"line":117,"column":45}},"loc":{"start":{"line":117,"column":56},"end":{"line":129,"column":1}},"line":117}},"branchMap":{"0":{"loc":{"start":{"line":15,"column":4},"end":{"line":16,"column":69}},"type":"if","locations":[{"start":{"line":15,"column":4},"end":{"line":16,"column":69}},{"start":{"line":15,"column":4},"end":{"line":16,"column":69}}],"line":15},"1":{"loc":{"start":{"line":39,"column":4},"end":{"line":45,"column":9}},"type":"if","locations":[{"start":{"line":39,"column":4},"end":{"line":45,"column":9}},{"start":{"line":39,"column":4},"end":{"line":45,"column":9}}],"line":39},"2":{"loc":{"start":{"line":40,"column":8},"end":{"line":41,"column":68}},"type":"if","locations":[{"start":{"line":40,"column":8},"end":{"line":41,"column":68}},{"start":{"line":40,"column":8},"end":{"line":41,"column":68}}],"line":40},"3":{"loc":{"start":{"line":57,"column":8},"end":{"line":58,"column":56}},"type":"if","locations":[{"start":{"line":57,"column":8},"end":{"line":58,"column":56}},{"start":{"line":57,"column":8},"end":{"line":58,"column":56}}],"line":57},"4":{"loc":{"start":{"line":59,"column":10},"end":{"line":60,"column":59}},"type":"if","locations":[{"start":{"line":59,"column":10},"end":{"line":60,"column":59}},{"start":{"line":59,"column":10},"end":{"line":60,"column":59}}],"line":59},"5":{"loc":{"start":{"line":76,"column":4},"end":{"line":77,"column":69}},"type":"if","locations":[{"start":{"line":76,"column":4},"end":{"line":77,"column":69}},{"start":{"line":76,"column":4},"end":{"line":77,"column":69}}],"line":76},"6":{"loc":{"start":{"line":80,"column":8},"end":{"line":81,"column":120}},"type":"if","locations":[{"start":{"line":80,"column":8},"end":{"line":81,"column":120}},{"start":{"line":80,"column":8},"end":{"line":81,"column":120}}],"line":80},"7":{"loc":{"start":{"line":83,"column":8},"end":{"line":97,"column":9}},"type":"if","locations":[{"start":{"line":83,"column":8},"end":{"line":97,"column":9}},{"start":{"line":83,"column":8},"end":{"line":97,"column":9}}],"line":83},"8":{"loc":{"start":{"line":87,"column":16},"end":{"line":90,"column":17}},"type":"if","locations":[{"start":{"line":87,"column":16},"end":{"line":90,"column":17}},{"start":{"line":87,"column":16},"end":{"line":90,"column":17}}],"line":87},"9":{"loc":{"start":{"line":98,"column":8},"end":{"line":100,"column":9}},"type":"if","locations":[{"start":{"line":98,"column":8},"end":{"line":100,"column":9}},{"start":{"line":98,"column":8},"end":{"line":100,"column":9}}],"line":98},"10":{"loc":{"start":{"line":118,"column":0},"end":{"line":125,"column":1}},"type":"if","locations":[{"start":{"line":118,"column":0},"end":{"line":125,"column":1}},{"start":{"line":118,"column":0},"end":{"line":125,"column":1}}],"line":118}},"s":{"0":2,"1":2,"2":2,"3":2,"4":2,"5":2,"6":2,"7":2,"8":1,"9":0,"10":0,"11":0,"12":0,"13":0,"14":0,"15":0,"16":0,"17":0,"18":0,"19":2,"20":0,"21":0,"22":0,"23":0,"24":0,"25":0,"26":2,"27":1,"28":0,"29":0,"30":0,"31":0,"32":0,"33":0,"34":0,"35":0,"36":0,"37":0,"38":0,"39":0,"40":0,"41":0,"42":0,"43":2,"44":0,"45":0,"46":0,"47":0,"48":0,"49":0,"50":0,"51":0,"52":0},"f":{"0":1,"1":0,"2":0,"3":0,"4":1,"5":0,"6":0,"7":0,"8":0,"9":0},"b":{"0":[0,0],"1":[0,0],"2":[0,0],"3":[0,0],"4":[0,0],"5":[0,0],"6":[0,0],"7":[0,0],"8":[0,0],"9":[0,0],"10":[0,0]},"_coverageSchema":"1a1c01bbd47fc00a2c39e90264f33305004495a9","hash":"2f47ff7fe108b3fb04b4f4618235c7bc1444cb92"}
,"C:\\Users\\Moust\\OneDrive\\Desktop\\Software Repo\\Team2_backend\\src\\middlewares\\auth.js": {"path":"C:\\Users\\Moust\\OneDrive\\Desktop\\Software Repo\\Team2_backend\\src\\middlewares\\auth.js","statementMap":{"0":{"start":{"line":1,"column":12},"end":{"line":1,"column":35}},"1":{"start":{"line":2,"column":18},"end":{"line":2,"column":51}},"2":{"start":{"line":3,"column":19},"end":{"line":3,"column":40}},"3":{"start":{"line":4,"column":23},"end":{"line":4,"column":49}},"4":{"start":{"line":5,"column":14},"end":{"line":5,"column":45}},"5":{"start":{"line":6,"column":15},"end":{"line":6,"column":32}},"6":{"start":{"line":9,"column":0},"end":{"line":15,"column":1}},"7":{"start":{"line":11,"column":14},"end":{"line":11,"column":84}},"8":{"start":{"line":12,"column":2},"end":{"line":12,"column":41}},"9":{"start":{"line":18,"column":0},"end":{"line":38,"column":1}},"10":{"start":{"line":21,"column":14},"end":{"line":21,"column":34}},"11":{"start":{"line":22,"column":2},"end":{"line":23,"column":50}},"12":{"start":{"line":23,"column":4},"end":{"line":23,"column":50}},"13":{"start":{"line":25,"column":2},"end":{"line":35,"column":5}},"14":{"start":{"line":27,"column":4},"end":{"line":28,"column":82}},"15":{"start":{"line":28,"column":6},"end":{"line":28,"column":82}},"16":{"start":{"line":30,"column":4},"end":{"line":31,"column":66}},"17":{"start":{"line":31,"column":6},"end":{"line":31,"column":66}},"18":{"start":{"line":32,"column":4},"end":{"line":32,"column":35}},"19":{"start":{"line":34,"column":4},"end":{"line":34,"column":11}},"20":{"start":{"line":41,"column":0},"end":{"line":89,"column":1}},"21":{"start":{"line":43,"column":2},"end":{"line":50,"column":5}},"22":{"start":{"line":44,"column":4},"end":{"line":47,"column":5}},"23":{"start":{"line":45,"column":6},"end":{"line":45,"column":65}},"24":{"start":{"line":46,"column":6},"end":{"line":46,"column":83}},"25":{"start":{"line":54,"column":20},"end":{"line":63,"column":4}},"26":{"start":{"line":67,"column":14},"end":{"line":67,"column":84}},"27":{"start":{"line":69,"column":15},"end":{"line":75,"column":3}},"28":{"start":{"line":78,"column":13},"end":{"line":85,"column":4}},"29":{"start":{"line":80,"column":4},"end":{"line":83,"column":90}},"30":{"start":{"line":81,"column":6},"end":{"line":81,"column":114}},"31":{"start":{"line":83,"column":6},"end":{"line":83,"column":90}}},"fnMap":{"0":{"name":"(anonymous_0)","decl":{"start":{"line":9,"column":31},"end":{"line":9,"column":32}},"loc":{"start":{"line":9,"column":45},"end":{"line":15,"column":1}},"line":9},"1":{"name":"(anonymous_1)","decl":{"start":{"line":18,"column":32},"end":{"line":18,"column":33}},"loc":{"start":{"line":18,"column":52},"end":{"line":38,"column":1}},"line":18},"2":{"name":"(anonymous_2)","decl":{"start":{"line":25,"column":28},"end":{"line":25,"column":29}},"loc":{"start":{"line":25,"column":46},"end":{"line":35,"column":3}},"line":25},"3":{"name":"(anonymous_3)","decl":{"start":{"line":41,"column":34},"end":{"line":41,"column":35}},"loc":{"start":{"line":41,"column":54},"end":{"line":89,"column":1}},"line":41},"4":{"name":"(anonymous_4)","decl":{"start":{"line":43,"column":39},"end":{"line":43,"column":40}},"loc":{"start":{"line":43,"column":64},"end":{"line":50,"column":3}},"line":43},"5":{"name":"(anonymous_5)","decl":{"start":{"line":78,"column":48},"end":{"line":78,"column":49}},"loc":{"start":{"line":78,"column":63},"end":{"line":85,"column":3}},"line":78}},"branchMap":{"0":{"loc":{"start":{"line":22,"column":2},"end":{"line":23,"column":50}},"type":"if","locations":[{"start":{"line":22,"column":2},"end":{"line":23,"column":50}},{"start":{"line":22,"column":2},"end":{"line":23,"column":50}}],"line":22},"1":{"loc":{"start":{"line":27,"column":4},"end":{"line":28,"column":82}},"type":"if","locations":[{"start":{"line":27,"column":4},"end":{"line":28,"column":82}},{"start":{"line":27,"column":4},"end":{"line":28,"column":82}}],"line":27},"2":{"loc":{"start":{"line":30,"column":4},"end":{"line":31,"column":66}},"type":"if","locations":[{"start":{"line":30,"column":4},"end":{"line":31,"column":66}},{"start":{"line":30,"column":4},"end":{"line":31,"column":66}}],"line":30},"3":{"loc":{"start":{"line":44,"column":4},"end":{"line":47,"column":5}},"type":"if","locations":[{"start":{"line":44,"column":4},"end":{"line":47,"column":5}},{"start":{"line":44,"column":4},"end":{"line":47,"column":5}}],"line":44},"4":{"loc":{"start":{"line":80,"column":4},"end":{"line":83,"column":90}},"type":"if","locations":[{"start":{"line":80,"column":4},"end":{"line":83,"column":90}},{"start":{"line":80,"column":4},"end":{"line":83,"column":90}}],"line":80}},"s":{"0":2,"1":2,"2":2,"3":2,"4":2,"5":2,"6":2,"7":1,"8":1,"9":2,"10":7,"11":7,"12":2,"13":7,"14":7,"15":2,"16":5,"17":0,"18":5,"19":5,"20":2,"21":0,"22":0,"23":0,"24":0,"25":0,"26":0,"27":0,"28":0,"29":0,"30":0,"31":0},"f":{"0":1,"1":7,"2":7,"3":0,"4":0,"5":0},"b":{"0":[2,5],"1":[2,5],"2":[0,5],"3":[0,0],"4":[0,0]},"_coverageSchema":"1a1c01bbd47fc00a2c39e90264f33305004495a9","hash":"b1651f768721f4f67bcb2989e10960d557ff6b17"}
,"C:\\Users\\Moust\\OneDrive\\Desktop\\Software Repo\\Team2_backend\\src\\models\\album.model.js": {"path":"C:\\Users\\Moust\\OneDrive\\Desktop\\Software Repo\\Team2_backend\\src\\models\\album.model.js","statementMap":{"0":{"start":{"line":1,"column":17},"end":{"line":1,"column":36}},"1":{"start":{"line":2,"column":14},"end":{"line":2,"column":38}},"2":{"start":{"line":3,"column":12},"end":{"line":3,"column":26}},"3":{"start":{"line":4,"column":0},"end":{"line":4,"column":44}},"4":{"start":{"line":6,"column":20},"end":{"line":35,"column":2}},"5":{"start":{"line":39,"column":19},"end":{"line":41,"column":6}},"6":{"start":{"line":42,"column":19},"end":{"line":42,"column":38}},"7":{"start":{"line":43,"column":4},"end":{"line":43,"column":18}},"8":{"start":{"line":48,"column":19},"end":{"line":53,"column":6}},"9":{"start":{"line":54,"column":19},"end":{"line":54,"column":41}},"10":{"start":{"line":55,"column":4},"end":{"line":55,"column":18}},"11":{"start":{"line":60,"column":19},"end":{"line":64,"column":6}},"12":{"start":{"line":65,"column":19},"end":{"line":65,"column":41}},"13":{"start":{"line":66,"column":4},"end":{"line":66,"column":18}},"14":{"start":{"line":70,"column":14},"end":{"line":70,"column":50}},"15":{"start":{"line":73,"column":0},"end":{"line":78,"column":1}}},"fnMap":{"0":{"name":"validateAlbumId","decl":{"start":{"line":37,"column":9},"end":{"line":37,"column":24}},"loc":{"start":{"line":38,"column":0},"end":{"line":44,"column":1}},"line":38},"1":{"name":"validateCreateAlbum","decl":{"start":{"line":46,"column":9},"end":{"line":46,"column":28}},"loc":{"start":{"line":47,"column":0},"end":{"line":56,"column":1}},"line":47},"2":{"name":"validateUpdateAlbum","decl":{"start":{"line":58,"column":9},"end":{"line":58,"column":28}},"loc":{"start":{"line":59,"column":0},"end":{"line":67,"column":1}},"line":59}},"branchMap":{},"s":{"0":1,"1":1,"2":1,"3":1,"4":1,"5":0,"6":0,"7":0,"8":0,"9":0,"10":0,"11":0,"12":0,"13":0,"14":1,"15":1},"f":{"0":0,"1":0,"2":0},"b":{},"_coverageSchema":"1a1c01bbd47fc00a2c39e90264f33305004495a9","hash":"ed80d87a793591569f37cfe9271ffc02278f0226"}
,"C:\\Users\\Moust\\OneDrive\\Desktop\\Software Repo\\Team2_backend\\src\\models\\gallery.model.js": {"path":"C:\\Users\\Moust\\OneDrive\\Desktop\\Software Repo\\Team2_backend\\src\\models\\gallery.model.js","statementMap":{"0":{"start":{"line":1,"column":10},"end":{"line":1,"column":24}},"1":{"start":{"line":2,"column":15},"end":{"line":2,"column":34}},"2":{"start":{"line":3,"column":13},"end":{"line":3,"column":28}},"3":{"start":{"line":5,"column":21},"end":{"line":43,"column":2}},"4":{"start":{"line":45,"column":16},"end":{"line":45,"column":55}},"5":{"start":{"line":47,"column":19},"end":{"line":50,"column":5}},"6":{"start":{"line":51,"column":4},"end":{"line":51,"column":41}},"7":{"start":{"line":54,"column":0},"end":{"line":54,"column":47}},"8":{"start":{"line":55,"column":0},"end":{"line":55,"column":33}},"9":{"start":{"line":56,"column":0},"end":{"line":56,"column":43}}},"fnMap":{"0":{"name":"validateGallery","decl":{"start":{"line":46,"column":9},"end":{"line":46,"column":24}},"loc":{"start":{"line":46,"column":34},"end":{"line":52,"column":1}},"line":46}},"branchMap":{},"s":{"0":1,"1":1,"2":1,"3":1,"4":1,"5":0,"6":0,"7":1,"8":1,"9":1},"f":{"0":0},"b":{},"_coverageSchema":"1a1c01bbd47fc00a2c39e90264f33305004495a9","hash":"4354e6be96f7dd177b09bef5b2e41960ac8dfb30"}
,"C:\\Users\\Moust\\OneDrive\\Desktop\\Software Repo\\Team2_backend\\src\\models\\index.js": {"path":"C:\\Users\\Moust\\OneDrive\\Desktop\\Software Repo\\Team2_backend\\src\\models\\index.js","statementMap":{"0":{"start":{"line":2,"column":31},"end":{"line":2,"column":55}},"1":{"start":{"line":4,"column":0},"end":{"line":8,"column":1}}},"fnMap":{},"branchMap":{},"s":{"0":2,"1":2},"f":{},"b":{},"_coverageSchema":"1a1c01bbd47fc00a2c39e90264f33305004495a9","hash":"423962b66110c652083efcb54b88ee96d7795617"}
,"C:\\Users\\Moust\\OneDrive\\Desktop\\Software Repo\\Team2_backend\\src\\models\\photo.model.js": {"path":"C:\\Users\\Moust\\OneDrive\\Desktop\\Software Repo\\Team2_backend\\src\\models\\photo.model.js","statementMap":{"0":{"start":{"line":1,"column":17},"end":{"line":1,"column":36}},"1":{"start":{"line":2,"column":11},"end":{"line":2,"column":25}},"2":{"start":{"line":3,"column":0},"end":{"line":3,"column":43}},"3":{"start":{"line":6,"column":22},"end":{"line":20,"column":2}},"4":{"start":{"line":23,"column":16},"end":{"line":23,"column":56}},"5":{"start":{"line":25,"column":20},"end":{"line":80,"column":2}},"6":{"start":{"line":82,"column":14},"end":{"line":82,"column":50}},"7":{"start":{"line":85,"column":19},"end":{"line":92,"column":6}},"8":{"start":{"line":93,"column":19},"end":{"line":93,"column":41}},"9":{"start":{"line":94,"column":4},"end":{"line":94,"column":18}},"10":{"start":{"line":100,"column":19},"end":{"line":102,"column":6}},"11":{"start":{"line":103,"column":19},"end":{"line":103,"column":43}},"12":{"start":{"line":104,"column":4},"end":{"line":104,"column":18}},"13":{"start":{"line":109,"column":19},"end":{"line":111,"column":6}},"14":{"start":{"line":112,"column":19},"end":{"line":112,"column":38}},"15":{"start":{"line":113,"column":4},"end":{"line":113,"column":18}},"16":{"start":{"line":116,"column":0},"end":{"line":116,"column":32}},"17":{"start":{"line":117,"column":0},"end":{"line":117,"column":38}},"18":{"start":{"line":118,"column":0},"end":{"line":118,"column":42}},"19":{"start":{"line":119,"column":0},"end":{"line":119,"column":29}},"20":{"start":{"line":120,"column":0},"end":{"line":120,"column":33}}},"fnMap":{"0":{"name":"validatePhoto","decl":{"start":{"line":84,"column":9},"end":{"line":84,"column":22}},"loc":{"start":{"line":84,"column":29},"end":{"line":96,"column":1}},"line":84},"1":{"name":"validateComment","decl":{"start":{"line":99,"column":9},"end":{"line":99,"column":24}},"loc":{"start":{"line":99,"column":33},"end":{"line":106,"column":1}},"line":99},"2":{"name":"validateId","decl":{"start":{"line":108,"column":9},"end":{"line":108,"column":19}},"loc":{"start":{"line":108,"column":23},"end":{"line":114,"column":1}},"line":108}},"branchMap":{},"s":{"0":2,"1":2,"2":2,"3":2,"4":2,"5":2,"6":2,"7":0,"8":0,"9":0,"10":0,"11":0,"12":0,"13":0,"14":0,"15":0,"16":2,"17":2,"18":2,"19":2,"20":2},"f":{"0":0,"1":0,"2":0},"b":{},"_coverageSchema":"1a1c01bbd47fc00a2c39e90264f33305004495a9","hash":"34494d65678b143c62cad300b80566ec1ab41b34"}
,"C:\\Users\\Moust\\OneDrive\\Desktop\\Software Repo\\Team2_backend\\src\\models\\user.model.js": {"path":"C:\\Users\\Moust\\OneDrive\\Desktop\\Software Repo\\Team2_backend\\src\\models\\user.model.js","statementMap":{"0":{"start":{"line":1,"column":15},"end":{"line":1,"column":34}},"1":{"start":{"line":2,"column":10},"end":{"line":2,"column":24}},"2":{"start":{"line":3,"column":13},"end":{"line":3,"column":28}},"3":{"start":{"line":5,"column":17},"end":{"line":121,"column":1}},"4":{"start":{"line":124,"column":0},"end":{"line":136,"column":1}},"5":{"start":{"line":126,"column":13},"end":{"line":132,"column":1}},"6":{"start":{"line":134,"column":0},"end":{"line":134,"column":34}},"7":{"start":{"line":139,"column":0},"end":{"line":148,"column":3}},"8":{"start":{"line":141,"column":15},"end":{"line":144,"column":3}},"9":{"start":{"line":146,"column":2},"end":{"line":146,"column":36}},"10":{"start":{"line":151,"column":0},"end":{"line":151,"column":59}}},"fnMap":{"0":{"name":"(anonymous_0)","decl":{"start":{"line":124,"column":30},"end":{"line":124,"column":31}},"loc":{"start":{"line":124,"column":38},"end":{"line":136,"column":1}},"line":124},"1":{"name":"(anonymous_1)","decl":{"start":{"line":139,"column":29},"end":{"line":139,"column":30}},"loc":{"start":{"line":139,"column":37},"end":{"line":148,"column":3}},"line":139}},"branchMap":{},"s":{"0":4,"1":4,"2":4,"3":4,"4":4,"5":1,"6":1,"7":4,"8":1,"9":1,"10":4},"f":{"0":1,"1":1},"b":{},"_coverageSchema":"1a1c01bbd47fc00a2c39e90264f33305004495a9","hash":"8ad93f48652a1215e255e486ee205b3cd3146f50"}
,"C:\\Users\\Moust\\OneDrive\\Desktop\\Software Repo\\Team2_backend\\src\\routes\\v1\\album.route.js": {"path":"C:\\Users\\Moust\\OneDrive\\Desktop\\Software Repo\\Team2_backend\\src\\routes\\v1\\album.route.js","statementMap":{"0":{"start":{"line":1,"column":16},"end":{"line":1,"column":34}},"1":{"start":{"line":2,"column":15},"end":{"line":2,"column":31}},"2":{"start":{"line":3,"column":25},"end":{"line":3,"column":58}},"3":{"start":{"line":4,"column":24},"end":{"line":4,"column":69}},"4":{"start":{"line":75,"column":0},"end":{"line":75,"column":66}},"5":{"start":{"line":141,"column":0},"end":{"line":141,"column":70}},"6":{"start":{"line":196,"column":0},"end":{"line":196,"column":73}},"7":{"start":{"line":249,"column":0},"end":{"line":249,"column":70}},"8":{"start":{"line":284,"column":0},"end":{"line":284,"column":68}},"9":{"start":{"line":329,"column":0},"end":{"line":329,"column":87}},"10":{"start":{"line":418,"column":0},"end":{"line":418,"column":23}}},"fnMap":{},"branchMap":{},"s":{"0":1,"1":1,"2":1,"3":1,"4":1,"5":1,"6":1,"7":1,"8":1,"9":1,"10":1},"f":{},"b":{},"_coverageSchema":"1a1c01bbd47fc00a2c39e90264f33305004495a9","hash":"0feabe098d582c164de16bc4dcedb71501efd3eb"}
,"C:\\Users\\Moust\\OneDrive\\Desktop\\Software Repo\\Team2_backend\\src\\routes\\v1\\docs.route.js": {"path":"C:\\Users\\Moust\\OneDrive\\Desktop\\Software Repo\\Team2_backend\\src\\routes\\v1\\docs.route.js","statementMap":{"0":{"start":{"line":1,"column":16},"end":{"line":1,"column":34}},"1":{"start":{"line":2,"column":21},"end":{"line":2,"column":45}},"2":{"start":{"line":3,"column":18},"end":{"line":3,"column":47}},"3":{"start":{"line":5,"column":15},"end":{"line":5,"column":31}},"4":{"start":{"line":7,"column":14},"end":{"line":17,"column":2}},"5":{"start":{"line":19,"column":0},"end":{"line":19,"column":32}},"6":{"start":{"line":20,"column":0},"end":{"line":24,"column":1}},"7":{"start":{"line":26,"column":0},"end":{"line":26,"column":23}}},"fnMap":{},"branchMap":{},"s":{"0":1,"1":1,"2":1,"3":1,"4":1,"5":1,"6":1,"7":1},"f":{},"b":{},"_coverageSchema":"1a1c01bbd47fc00a2c39e90264f33305004495a9","hash":"97314f9f106a3c6413002344832b20ee2b579d1a"}
,"C:\\Users\\Moust\\OneDrive\\Desktop\\Software Repo\\Team2_backend\\src\\routes\\v1\\favs.route.js": {"path":"C:\\Users\\Moust\\OneDrive\\Desktop\\Software Repo\\Team2_backend\\src\\routes\\v1\\favs.route.js","statementMap":{"0":{"start":{"line":10,"column":16},"end":{"line":10,"column":34}},"1":{"start":{"line":12,"column":15},"end":{"line":12,"column":31}},"2":{"start":{"line":13,"column":27},"end":{"line":13,"column":55}},"3":{"start":{"line":14,"column":42},"end":{"line":14,"column":75}},"4":{"start":{"line":63,"column":0},"end":{"line":63,"column":62}},"5":{"start":{"line":63,"column":31},"end":{"line":63,"column":61}},"6":{"start":{"line":64,"column":0},"end":{"line":64,"column":64}},"7":{"start":{"line":64,"column":31},"end":{"line":64,"column":63}},"8":{"start":{"line":114,"column":0},"end":{"line":114,"column":77}},"9":{"start":{"line":114,"column":41},"end":{"line":114,"column":76}},"10":{"start":{"line":116,"column":0},"end":{"line":116,"column":23}}},"fnMap":{"0":{"name":"(anonymous_0)","decl":{"start":{"line":63,"column":11},"end":{"line":63,"column":12}},"loc":{"start":{"line":63,"column":31},"end":{"line":63,"column":61}},"line":63},"1":{"name":"(anonymous_1)","decl":{"start":{"line":64,"column":17},"end":{"line":64,"column":18}},"loc":{"start":{"line":64,"column":31},"end":{"line":64,"column":63}},"line":64},"2":{"name":"(anonymous_2)","decl":{"start":{"line":114,"column":27},"end":{"line":114,"column":28}},"loc":{"start":{"line":114,"column":41},"end":{"line":114,"column":76}},"line":114}},"branchMap":{},"s":{"0":1,"1":1,"2":1,"3":1,"4":1,"5":7,"6":1,"7":2,"8":1,"9":3,"10":1},"f":{"0":7,"1":2,"2":3},"b":{},"_coverageSchema":"1a1c01bbd47fc00a2c39e90264f33305004495a9","hash":"9d3e2ee288970589f6e5d2bf48f2297a1ef2d950"}
,"C:\\Users\\Moust\\OneDrive\\Desktop\\Software Repo\\Team2_backend\\src\\routes\\v1\\galleries.route.js": {"path":"C:\\Users\\Moust\\OneDrive\\Desktop\\Software Repo\\Team2_backend\\src\\routes\\v1\\galleries.route.js","statementMap":{"0":{"start":{"line":1,"column":16},"end":{"line":1,"column":34}},"1":{"start":{"line":2,"column":11},"end":{"line":2,"column":44}},"2":{"start":{"line":3,"column":10},"end":{"line":3,"column":27}},"3":{"start":{"line":4,"column":26},"end":{"line":4,"column":73}},"4":{"start":{"line":5,"column":26},"end":{"line":5,"column":61}},"5":{"start":{"line":6,"column":46},"end":{"line":6,"column":83}},"6":{"start":{"line":8,"column":15},"end":{"line":8,"column":31}},"7":{"start":{"line":62,"column":1},"end":{"line":62,"column":63}},"8":{"start":{"line":119,"column":0},"end":{"line":119,"column":69}},"9":{"start":{"line":180,"column":0},"end":{"line":187,"column":3}},"10":{"start":{"line":182,"column":19},"end":{"line":182,"column":64}},"11":{"start":{"line":183,"column":4},"end":{"line":183,"column":76}},"12":{"start":{"line":183,"column":17},"end":{"line":183,"column":76}},"13":{"start":{"line":184,"column":17},"end":{"line":184,"column":54}},"14":{"start":{"line":185,"column":4},"end":{"line":185,"column":77}},"15":{"start":{"line":242,"column":0},"end":{"line":242,"column":42}},"16":{"start":{"line":301,"column":0},"end":{"line":301,"column":96}},"17":{"start":{"line":316,"column":0},"end":{"line":316,"column":23}}},"fnMap":{"0":{"name":"(anonymous_0)","decl":{"start":{"line":180,"column":47},"end":{"line":180,"column":48}},"loc":{"start":{"line":180,"column":66},"end":{"line":187,"column":1}},"line":180},"1":{"name":"(anonymous_1)","decl":{"start":{"line":242,"column":25},"end":{"line":242,"column":26}},"loc":{"start":{"line":242,"column":39},"end":{"line":242,"column":41}},"line":242}},"branchMap":{"0":{"loc":{"start":{"line":183,"column":4},"end":{"line":183,"column":76}},"type":"if","locations":[{"start":{"line":183,"column":4},"end":{"line":183,"column":76}},{"start":{"line":183,"column":4},"end":{"line":183,"column":76}}],"line":183}},"s":{"0":1,"1":1,"2":1,"3":1,"4":1,"5":1,"6":1,"7":1,"8":1,"9":1,"10":0,"11":0,"12":0,"13":0,"14":0,"15":1,"16":1,"17":1},"f":{"0":0,"1":0},"b":{"0":[0,0]},"_coverageSchema":"1a1c01bbd47fc00a2c39e90264f33305004495a9","hash":"8199d516da79610f08d753781ca01b8f850d217c"}
,"C:\\Users\\Moust\\OneDrive\\Desktop\\Software Repo\\Team2_backend\\src\\routes\\v1\\groups.route.js": {"path":"C:\\Users\\Moust\\OneDrive\\Desktop\\Software Repo\\Team2_backend\\src\\routes\\v1\\groups.route.js","statementMap":{"0":{"start":{"line":1,"column":16},"end":{"line":1,"column":34}},"1":{"start":{"line":2,"column":15},"end":{"line":2,"column":31}},"2":{"start":{"line":4,"column":22},"end":{"line":4,"column":55}},"3":{"start":{"line":5,"column":0},"end":{"line":7,"column":2}},"4":{"start":{"line":6,"column":4},"end":{"line":6,"column":29}},"5":{"start":{"line":43,"column":0},"end":{"line":45,"column":2}},"6":{"start":{"line":44,"column":4},"end":{"line":44,"column":43}},"7":{"start":{"line":84,"column":0},"end":{"line":86,"column":2}},"8":{"start":{"line":85,"column":4},"end":{"line":85,"column":40}},"9":{"start":{"line":132,"column":0},"end":{"line":132,"column":39}},"10":{"start":{"line":184,"column":0},"end":{"line":184,"column":36}},"11":{"start":{"line":220,"column":0},"end":{"line":220,"column":44}},"12":{"start":{"line":256,"column":0},"end":{"line":256,"column":43}},"13":{"start":{"line":299,"column":0},"end":{"line":299,"column":76}},"14":{"start":{"line":299,"column":44},"end":{"line":299,"column":75}},"15":{"start":{"line":351,"column":0},"end":{"line":353,"column":2}},"16":{"start":{"line":352,"column":4},"end":{"line":352,"column":36}},"17":{"start":{"line":392,"column":0},"end":{"line":392,"column":23}}},"fnMap":{"0":{"name":"(anonymous_0)","decl":{"start":{"line":5,"column":11},"end":{"line":5,"column":12}},"loc":{"start":{"line":5,"column":37},"end":{"line":7,"column":1}},"line":5},"1":{"name":"(anonymous_1)","decl":{"start":{"line":43,"column":17},"end":{"line":43,"column":18}},"loc":{"start":{"line":43,"column":31},"end":{"line":45,"column":1}},"line":43},"2":{"name":"(anonymous_2)","decl":{"start":{"line":84,"column":25},"end":{"line":84,"column":26}},"loc":{"start":{"line":84,"column":39},"end":{"line":86,"column":1}},"line":84},"3":{"name":"(anonymous_3)","decl":{"start":{"line":132,"column":22},"end":{"line":132,"column":23}},"loc":{"start":{"line":132,"column":36},"end":{"line":132,"column":38}},"line":132},"4":{"name":"(anonymous_4)","decl":{"start":{"line":184,"column":19},"end":{"line":184,"column":20}},"loc":{"start":{"line":184,"column":33},"end":{"line":184,"column":35}},"line":184},"5":{"name":"(anonymous_5)","decl":{"start":{"line":220,"column":27},"end":{"line":220,"column":28}},"loc":{"start":{"line":220,"column":41},"end":{"line":220,"column":43}},"line":220},"6":{"name":"(anonymous_6)","decl":{"start":{"line":256,"column":26},"end":{"line":256,"column":27}},"loc":{"start":{"line":256,"column":40},"end":{"line":256,"column":42}},"line":256},"7":{"name":"(anonymous_7)","decl":{"start":{"line":299,"column":30},"end":{"line":299,"column":31}},"loc":{"start":{"line":299,"column":44},"end":{"line":299,"column":75}},"line":299},"8":{"name":"(anonymous_8)","decl":{"start":{"line":351,"column":34},"end":{"line":351,"column":35}},"loc":{"start":{"line":351,"column":48},"end":{"line":353,"column":1}},"line":351}},"branchMap":{},"s":{"0":1,"1":1,"2":1,"3":1,"4":0,"5":1,"6":0,"7":1,"8":0,"9":1,"10":1,"11":1,"12":1,"13":1,"14":0,"15":1,"16":0,"17":1},"f":{"0":0,"1":0,"2":0,"3":0,"4":0,"5":0,"6":0,"7":0,"8":0},"b":{},"_coverageSchema":"1a1c01bbd47fc00a2c39e90264f33305004495a9","hash":"fcac2ba9fcc326e826f88f2d9d417fc76f4f70d2"}
,"C:\\Users\\Moust\\OneDrive\\Desktop\\Software Repo\\Team2_backend\\src\\routes\\v1\\index.js": {"path":"C:\\Users\\Moust\\OneDrive\\Desktop\\Software Repo\\Team2_backend\\src\\routes\\v1\\index.js","statementMap":{"0":{"start":{"line":1,"column":16},"end":{"line":1,"column":34}},"1":{"start":{"line":2,"column":19},"end":{"line":2,"column":43}},"2":{"start":{"line":3,"column":18},"end":{"line":3,"column":41}},"3":{"start":{"line":4,"column":18},"end":{"line":4,"column":41}},"4":{"start":{"line":5,"column":20},"end":{"line":5,"column":45}},"5":{"start":{"line":6,"column":16},"end":{"line":6,"column":39}},"6":{"start":{"line":7,"column":19},"end":{"line":7,"column":47}},"7":{"start":{"line":8,"column":19},"end":{"line":8,"column":44}},"8":{"start":{"line":11,"column":15},"end":{"line":11,"column":31}},"9":{"start":{"line":12,"column":0},"end":{"line":12,"column":33}},"10":{"start":{"line":13,"column":0},"end":{"line":13,"column":31}},"11":{"start":{"line":14,"column":0},"end":{"line":14,"column":31}},"12":{"start":{"line":15,"column":0},"end":{"line":15,"column":34}},"13":{"start":{"line":16,"column":0},"end":{"line":16,"column":31}},"14":{"start":{"line":17,"column":0},"end":{"line":17,"column":38}},"15":{"start":{"line":18,"column":0},"end":{"line":18,"column":32}},"16":{"start":{"line":19,"column":0},"end":{"line":19,"column":24}}},"fnMap":{},"branchMap":{},"s":{"0":1,"1":1,"2":1,"3":1,"4":1,"5":1,"6":1,"7":1,"8":1,"9":1,"10":1,"11":1,"12":1,"13":1,"14":1,"15":1,"16":1},"f":{},"b":{},"_coverageSchema":"1a1c01bbd47fc00a2c39e90264f33305004495a9","hash":"077799b74a46141021ab4c74e1598d0a192a7f68"}
,"C:\\Users\\Moust\\OneDrive\\Desktop\\Software Repo\\Team2_backend\\src\\routes\\v1\\photos.route.js": {"path":"C:\\Users\\Moust\\OneDrive\\Desktop\\Software Repo\\Team2_backend\\src\\routes\\v1\\photos.route.js","statementMap":{"0":{"start":{"line":1,"column":16},"end":{"line":1,"column":34}},"1":{"start":{"line":2,"column":15},"end":{"line":2,"column":31}},"2":{"start":{"line":3,"column":88},"end":{"line":3,"column":123}},"3":{"start":{"line":4,"column":23},"end":{"line":4,"column":56}},"4":{"start":{"line":5,"column":22},"end":{"line":5,"column":67}},"5":{"start":{"line":85,"column":0},"end":{"line":85,"column":99}},"6":{"start":{"line":133,"column":0},"end":{"line":133,"column":36}},"7":{"start":{"line":196,"column":1},"end":{"line":196,"column":76}},"8":{"start":{"line":241,"column":0},"end":{"line":241,"column":52}},"9":{"start":{"line":292,"column":1},"end":{"line":292,"column":76}},"10":{"start":{"line":359,"column":1},"end":{"line":359,"column":51}},"11":{"start":{"line":395,"column":0},"end":{"line":395,"column":46}},"12":{"start":{"line":449,"column":0},"end":{"line":449,"column":49}},"13":{"start":{"line":509,"column":0},"end":{"line":509,"column":92}},"14":{"start":{"line":555,"column":0},"end":{"line":555,"column":61}},"15":{"start":{"line":598,"column":0},"end":{"line":598,"column":48}},"16":{"start":{"line":639,"column":0},"end":{"line":639,"column":48}},"17":{"start":{"line":722,"column":0},"end":{"line":722,"column":23}}},"fnMap":{"0":{"name":"(anonymous_0)","decl":{"start":{"line":133,"column":19},"end":{"line":133,"column":20}},"loc":{"start":{"line":133,"column":33},"end":{"line":133,"column":35}},"line":133},"1":{"name":"(anonymous_1)","decl":{"start":{"line":241,"column":35},"end":{"line":241,"column":36}},"loc":{"start":{"line":241,"column":49},"end":{"line":241,"column":51}},"line":241},"2":{"name":"(anonymous_2)","decl":{"start":{"line":359,"column":34},"end":{"line":359,"column":35}},"loc":{"start":{"line":359,"column":48},"end":{"line":359,"column":50}},"line":359},"3":{"name":"(anonymous_3)","decl":{"start":{"line":395,"column":29},"end":{"line":395,"column":30}},"loc":{"start":{"line":395,"column":43},"end":{"line":395,"column":45}},"line":395},"4":{"name":"(anonymous_4)","decl":{"start":{"line":449,"column":32},"end":{"line":449,"column":33}},"loc":{"start":{"line":449,"column":46},"end":{"line":449,"column":48}},"line":449},"5":{"name":"(anonymous_5)","decl":{"start":{"line":555,"column":44},"end":{"line":555,"column":45}},"loc":{"start":{"line":555,"column":58},"end":{"line":555,"column":60}},"line":555},"6":{"name":"(anonymous_6)","decl":{"start":{"line":598,"column":31},"end":{"line":598,"column":32}},"loc":{"start":{"line":598,"column":45},"end":{"line":598,"column":47}},"line":598},"7":{"name":"(anonymous_7)","decl":{"start":{"line":639,"column":31},"end":{"line":639,"column":32}},"loc":{"start":{"line":639,"column":45},"end":{"line":639,"column":47}},"line":639}},"branchMap":{},"s":{"0":1,"1":1,"2":1,"3":1,"4":1,"5":1,"6":1,"7":1,"8":1,"9":1,"10":1,"11":1,"12":1,"13":1,"14":1,"15":1,"16":1,"17":1},"f":{"0":0,"1":0,"2":0,"3":0,"4":0,"5":0,"6":0,"7":0},"b":{},"_coverageSchema":"1a1c01bbd47fc00a2c39e90264f33305004495a9","hash":"af3f52da77740c4e92311efeb9f4382289d707d0"}
,"C:\\Users\\Moust\\OneDrive\\Desktop\\Software Repo\\Team2_backend\\src\\routes\\v1\\user.route.js": {"path":"C:\\Users\\Moust\\OneDrive\\Desktop\\Software Repo\\Team2_backend\\src\\routes\\v1\\user.route.js","statementMap":{"0":{"start":{"line":1,"column":16},"end":{"line":1,"column":34}},"1":{"start":{"line":2,"column":15},"end":{"line":2,"column":31}},"2":{"start":{"line":3,"column":21},"end":{"line":3,"column":65}},"3":{"start":{"line":4,"column":11},"end":{"line":4,"column":44}},"4":{"start":{"line":5,"column":16},"end":{"line":5,"column":40}},"5":{"start":{"line":191,"column":2},"end":{"line":195,"column":5}},"6":{"start":{"line":241,"column":2},"end":{"line":245,"column":5}},"7":{"start":{"line":290,"column":2},"end":{"line":290,"column":66}},"8":{"start":{"line":291,"column":2},"end":{"line":291,"column":51}},"9":{"start":{"line":332,"column":2},"end":{"line":332,"column":64}},"10":{"start":{"line":370,"column":3},"end":{"line":370,"column":62}},"11":{"start":{"line":404,"column":3},"end":{"line":408,"column":5}},"12":{"start":{"line":444,"column":8},"end":{"line":448,"column":9}},"13":{"start":{"line":487,"column":4},"end":{"line":491,"column":5}},"14":{"start":{"line":547,"column":3},"end":{"line":551,"column":5}},"15":{"start":{"line":584,"column":3},"end":{"line":588,"column":5}},"16":{"start":{"line":633,"column":2},"end":{"line":637,"column":5}},"17":{"start":{"line":683,"column":2},"end":{"line":687,"column":5}},"18":{"start":{"line":730,"column":2},"end":{"line":739,"column":9}},"19":{"start":{"line":733,"column":4},"end":{"line":733,"column":31}},"20":{"start":{"line":762,"column":2},"end":{"line":762,"column":24}}},"fnMap":{"0":{"name":"(anonymous_0)","decl":{"start":{"line":191,"column":27},"end":{"line":191,"column":28}},"loc":{"start":{"line":191,"column":38},"end":{"line":195,"column":3}},"line":191},"1":{"name":"(anonymous_1)","decl":{"start":{"line":241,"column":30},"end":{"line":241,"column":31}},"loc":{"start":{"line":241,"column":41},"end":{"line":245,"column":3}},"line":241},"2":{"name":"(anonymous_2)","decl":{"start":{"line":404,"column":22},"end":{"line":404,"column":23}},"loc":{"start":{"line":404,"column":33},"end":{"line":408,"column":3}},"line":404},"3":{"name":"(anonymous_3)","decl":{"start":{"line":444,"column":27},"end":{"line":444,"column":28}},"loc":{"start":{"line":444,"column":38},"end":{"line":448,"column":7}},"line":444},"4":{"name":"(anonymous_4)","decl":{"start":{"line":487,"column":30},"end":{"line":487,"column":31}},"loc":{"start":{"line":487,"column":41},"end":{"line":491,"column":3}},"line":487},"5":{"name":"(anonymous_5)","decl":{"start":{"line":547,"column":29},"end":{"line":547,"column":30}},"loc":{"start":{"line":547,"column":40},"end":{"line":551,"column":3}},"line":547},"6":{"name":"(anonymous_6)","decl":{"start":{"line":584,"column":22},"end":{"line":584,"column":23}},"loc":{"start":{"line":584,"column":33},"end":{"line":588,"column":3}},"line":584},"7":{"name":"(anonymous_7)","decl":{"start":{"line":633,"column":27},"end":{"line":633,"column":28}},"loc":{"start":{"line":633,"column":38},"end":{"line":637,"column":3}},"line":633},"8":{"name":"(anonymous_8)","decl":{"start":{"line":683,"column":27},"end":{"line":683,"column":28}},"loc":{"start":{"line":683,"column":38},"end":{"line":687,"column":3}},"line":683},"9":{"name":"(anonymous_9)","decl":{"start":{"line":730,"column":25},"end":{"line":730,"column":26}},"loc":{"start":{"line":730,"column":36},"end":{"line":739,"column":5}},"line":730}},"branchMap":{},"s":{"0":1,"1":1,"2":1,"3":1,"4":1,"5":1,"6":1,"7":1,"8":1,"9":1,"10":1,"11":1,"12":1,"13":1,"14":1,"15":1,"16":1,"17":1,"18":1,"19":0,"20":1},"f":{"0":0,"1":0,"2":0,"3":0,"4":0,"5":0,"6":0,"7":0,"8":0,"9":0},"b":{},"_coverageSchema":"1a1c01bbd47fc00a2c39e90264f33305004495a9","hash":"4aab960311ef6324bb3d7572d7b54a91747b6b9a"}
}
