{"D:\\university\\third year\\second term\\software\\projectmain\\Team2_backend\\src\\controllers\\user.controller.js": {"path":"D:\\university\\third year\\second term\\software\\projectmain\\Team2_backend\\src\\controllers\\user.controller.js","statementMap":{"0":{"start":{"line":1,"column":15},"end":{"line":1,"column":34}},"1":{"start":{"line":2,"column":13},"end":{"line":2,"column":32}},"2":{"start":{"line":3,"column":12},"end":{"line":3,"column":43}},"3":{"start":{"line":8,"column":0},"end":{"line":31,"column":2}},"4":{"start":{"line":9,"column":15},"end":{"line":9,"column":55}},"5":{"start":{"line":11,"column":0},"end":{"line":29,"column":2}},"6":{"start":{"line":21,"column":4},"end":{"line":25,"column":9}},"7":{"start":{"line":22,"column":6},"end":{"line":23,"column":80}},"8":{"start":{"line":26,"column":6},"end":{"line":26,"column":33}},"9":{"start":{"line":27,"column":6},"end":{"line":27,"column":13}},"10":{"start":{"line":34,"column":0},"end":{"line":50,"column":2}},"11":{"start":{"line":35,"column":4},"end":{"line":44,"column":6}},"12":{"start":{"line":36,"column":8},"end":{"line":37,"column":56}},"13":{"start":{"line":37,"column":10},"end":{"line":37,"column":56}},"14":{"start":{"line":38,"column":10},"end":{"line":39,"column":59}},"15":{"start":{"line":39,"column":10},"end":{"line":39,"column":59}},"16":{"start":{"line":40,"column":10},"end":{"line":40,"column":37}},"17":{"start":{"line":53,"column":0},"end":{"line":82,"column":1}},"18":{"start":{"line":55,"column":4},"end":{"line":79,"column":3}},"19":{"start":{"line":57,"column":8},"end":{"line":71,"column":9}},"20":{"start":{"line":59,"column":12},"end":{"line":69,"column":14}},"21":{"start":{"line":61,"column":16},"end":{"line":64,"column":17}},"22":{"start":{"line":62,"column":20},"end":{"line":62,"column":78}},"23":{"start":{"line":63,"column":20},"end":{"line":63,"column":27}},"24":{"start":{"line":65,"column":16},"end":{"line":65,"column":44}},"25":{"start":{"line":66,"column":16},"end":{"line":66,"column":23}},"26":{"start":{"line":67,"column":16},"end":{"line":67,"column":23}},"27":{"start":{"line":70,"column":12},"end":{"line":70,"column":19}},"28":{"start":{"line":72,"column":8},"end":{"line":74,"column":9}},"29":{"start":{"line":73,"column":12},"end":{"line":73,"column":67}}},"fnMap":{"0":{"name":"(anonymous_0)","decl":{"start":{"line":8,"column":24},"end":{"line":8,"column":25}},"loc":{"start":{"line":8,"column":45},"end":{"line":31,"column":1}},"line":8},"1":{"name":"(anonymous_1)","decl":{"start":{"line":19,"column":2},"end":{"line":19,"column":3}},"loc":{"start":{"line":19,"column":14},"end":{"line":28,"column":1}},"line":19},"2":{"name":"(anonymous_2)","decl":{"start":{"line":34,"column":23},"end":{"line":34,"column":24}},"loc":{"start":{"line":34,"column":34},"end":{"line":50,"column":1}},"line":34},"3":{"name":"(anonymous_3)","decl":{"start":{"line":35,"column":66},"end":{"line":35,"column":67}},"loc":{"start":{"line":35,"column":78},"end":{"line":44,"column":5}},"line":35},"4":{"name":"(anonymous_4)","decl":{"start":{"line":53,"column":21},"end":{"line":53,"column":22}},"loc":{"start":{"line":53,"column":37},"end":{"line":82,"column":1}},"line":53},"5":{"name":"(anonymous_5)","decl":{"start":{"line":55,"column":51},"end":{"line":55,"column":52}},"loc":{"start":{"line":55,"column":65},"end":{"line":79,"column":1}},"line":55},"6":{"name":"(anonymous_6)","decl":{"start":{"line":59,"column":60},"end":{"line":59,"column":61}},"loc":{"start":{"line":59,"column":67},"end":{"line":69,"column":13}},"line":59}},"branchMap":{"0":{"loc":{"start":{"line":21,"column":4},"end":{"line":25,"column":9}},"type":"if","locations":[{"start":{"line":21,"column":4},"end":{"line":25,"column":9}},{"start":{"line":21,"column":4},"end":{"line":25,"column":9}}],"line":21},"1":{"loc":{"start":{"line":36,"column":8},"end":{"line":37,"column":56}},"type":"if","locations":[{"start":{"line":36,"column":8},"end":{"line":37,"column":56}},{"start":{"line":36,"column":8},"end":{"line":37,"column":56}}],"line":36},"2":{"loc":{"start":{"line":38,"column":10},"end":{"line":39,"column":59}},"type":"if","locations":[{"start":{"line":38,"column":10},"end":{"line":39,"column":59}},{"start":{"line":38,"column":10},"end":{"line":39,"column":59}}],"line":38},"3":{"loc":{"start":{"line":57,"column":8},"end":{"line":71,"column":9}},"type":"if","locations":[{"start":{"line":57,"column":8},"end":{"line":71,"column":9}},{"start":{"line":57,"column":8},"end":{"line":71,"column":9}}],"line":57},"4":{"loc":{"start":{"line":61,"column":16},"end":{"line":64,"column":17}},"type":"if","locations":[{"start":{"line":61,"column":16},"end":{"line":64,"column":17}},{"start":{"line":61,"column":16},"end":{"line":64,"column":17}}],"line":61},"5":{"loc":{"start":{"line":72,"column":8},"end":{"line":74,"column":9}},"type":"if","locations":[{"start":{"line":72,"column":8},"end":{"line":74,"column":9}},{"start":{"line":72,"column":8},"end":{"line":74,"column":9}}],"line":72}},"s":{"0":1,"1":1,"2":1,"3":1,"4":1,"5":1,"6":0,"7":0,"8":0,"9":0,"10":1,"11":0,"12":0,"13":0,"14":0,"15":0,"16":0,"17":1,"18":1,"19":1,"20":0,"21":0,"22":0,"23":0,"24":0,"25":0,"26":0,"27":0,"28":1,"29":0},"f":{"0":1,"1":0,"2":0,"3":0,"4":1,"5":1,"6":0},"b":{"0":[0,0],"1":[0,0],"2":[0,0],"3":[0,1],"4":[0,0],"5":[0,1]},"_coverageSchema":"1a1c01bbd47fc00a2c39e90264f33305004495a9","hash":"755d2f9b531b32afebdd62240eb9fb6cd13585c0"}
,"D:\\university\\third year\\second term\\software\\projectmain\\Team2_backend\\src\\middlewares\\auth.js": {"path":"D:\\university\\third year\\second term\\software\\projectmain\\Team2_backend\\src\\middlewares\\auth.js","statementMap":{"0":{"start":{"line":1,"column":10},"end":{"line":1,"column":33}},"1":{"start":{"line":2,"column":16},"end":{"line":2,"column":52}},"2":{"start":{"line":3,"column":13},"end":{"line":3,"column":30}},"3":{"start":{"line":6,"column":0},"end":{"line":12,"column":1}},"4":{"start":{"line":8,"column":14},"end":{"line":8,"column":78}},"5":{"start":{"line":9,"column":4},"end":{"line":9,"column":40}},"6":{"start":{"line":15,"column":0},"end":{"line":35,"column":1}},"7":{"start":{"line":18,"column":14},"end":{"line":18,"column":34}},"8":{"start":{"line":19,"column":4},"end":{"line":20,"column":49}},"9":{"start":{"line":20,"column":6},"end":{"line":20,"column":49}},"10":{"start":{"line":22,"column":4},"end":{"line":32,"column":4}},"11":{"start":{"line":24,"column":4},"end":{"line":25,"column":61}},"12":{"start":{"line":25,"column":4},"end":{"line":25,"column":61}},"13":{"start":{"line":27,"column":4},"end":{"line":28,"column":49}},"14":{"start":{"line":28,"column":4},"end":{"line":28,"column":49}},"15":{"start":{"line":29,"column":4},"end":{"line":29,"column":30}},"16":{"start":{"line":31,"column":4},"end":{"line":31,"column":11}}},"fnMap":{"0":{"name":"(anonymous_0)","decl":{"start":{"line":6,"column":30},"end":{"line":6,"column":31}},"loc":{"start":{"line":6,"column":41},"end":{"line":12,"column":1}},"line":6},"1":{"name":"(anonymous_1)","decl":{"start":{"line":15,"column":29},"end":{"line":15,"column":30}},"loc":{"start":{"line":15,"column":45},"end":{"line":35,"column":1}},"line":15},"2":{"name":"(anonymous_2)","decl":{"start":{"line":22,"column":28},"end":{"line":22,"column":29}},"loc":{"start":{"line":22,"column":43},"end":{"line":32,"column":2}},"line":22}},"branchMap":{"0":{"loc":{"start":{"line":19,"column":4},"end":{"line":20,"column":49}},"type":"if","locations":[{"start":{"line":19,"column":4},"end":{"line":20,"column":49}},{"start":{"line":19,"column":4},"end":{"line":20,"column":49}}],"line":19},"1":{"loc":{"start":{"line":24,"column":4},"end":{"line":25,"column":61}},"type":"if","locations":[{"start":{"line":24,"column":4},"end":{"line":25,"column":61}},{"start":{"line":24,"column":4},"end":{"line":25,"column":61}}],"line":24},"2":{"loc":{"start":{"line":27,"column":4},"end":{"line":28,"column":49}},"type":"if","locations":[{"start":{"line":27,"column":4},"end":{"line":28,"column":49}},{"start":{"line":27,"column":4},"end":{"line":28,"column":49}}],"line":27}},"s":{"0":1,"1":1,"2":1,"3":1,"4":0,"5":0,"6":1,"7":1,"8":1,"9":0,"10":1,"11":1,"12":0,"13":1,"14":0,"15":1,"16":1},"f":{"0":0,"1":1,"2":1},"b":{"0":[0,1],"1":[0,1],"2":[0,1]},"_coverageSchema":"1a1c01bbd47fc00a2c39e90264f33305004495a9","hash":"13386bf178840a95f4981d91ca93b584453484d3"}
,"D:\\university\\third year\\second term\\software\\projectmain\\Team2_backend\\src\\models\\user.model.js": {"path":"D:\\university\\third year\\second term\\software\\projectmain\\Team2_backend\\src\\models\\user.model.js","statementMap":{"0":{"start":{"line":1,"column":15},"end":{"line":1,"column":34}},"1":{"start":{"line":2,"column":13},"end":{"line":2,"column":28}},"2":{"start":{"line":4,"column":17},"end":{"line":116,"column":1}},"3":{"start":{"line":118,"column":0},"end":{"line":118,"column":59}}},"fnMap":{},"branchMap":{},"s":{"0":1,"1":1,"2":1,"3":1},"f":{},"b":{},"_coverageSchema":"1a1c01bbd47fc00a2c39e90264f33305004495a9","hash":"963529f96625037cbb3afd7b9ccf182d9b47f7e3"}
}
