TN:
SF:src\app.js
FNF:0
FNH:0
DA:1,1
DA:2,1
DA:3,1
DA:4,1
DA:6,1
DA:9,1
DA:12,1
DA:14,1
DA:17,1
DA:18,1
DA:21,1
DA:27,1
LF:12
LH:12
BRF:0
BRH:0
end_of_record
TN:
SF:src\controllers\album.controller.js
FN:5,(anonymous_0)
FN:18,(anonymous_1)
FN:48,(anonymous_2)
FN:54,(anonymous_3)
FN:68,(anonymous_4)
FN:78,(anonymous_5)
FN:97,(anonymous_6)
FN:116,(anonymous_7)
FN:122,(anonymous_8)
FN:136,(anonymous_9)
FN:145,(anonymous_10)
FNF:11
FNH:0
FNDA:0,(anonymous_0)
FNDA:0,(anonymous_1)
FNDA:0,(anonymous_2)
FNDA:0,(anonymous_3)
FNDA:0,(anonymous_4)
FNDA:0,(anonymous_5)
FNDA:0,(anonymous_6)
FNDA:0,(anonymous_7)
FNDA:0,(anonymous_8)
FNDA:0,(anonymous_9)
FNDA:0,(anonymous_10)
DA:1,1
DA:2,1
DA:3,1
DA:5,1
DA:11,0
DA:13,0
DA:14,0
DA:15,0
DA:17,0
DA:18,0
DA:20,0
DA:21,0
DA:22,0
DA:24,0
DA:26,0
DA:32,0
DA:36,0
DA:38,0
DA:39,0
DA:40,0
DA:41,0
DA:42,0
DA:44,0
DA:48,1
DA:49,0
DA:52,0
DA:53,0
DA:54,0
DA:55,0
DA:56,0
DA:57,0
DA:58,0
DA:59,0
DA:60,0
DA:61,0
DA:62,0
DA:63,0
DA:64,0
DA:65,0
DA:66,0
DA:68,0
DA:69,0
DA:71,0
DA:72,0
DA:74,0
DA:78,1
DA:79,0
DA:80,0
DA:81,0
DA:82,0
DA:83,0
DA:84,0
DA:85,0
DA:86,0
DA:87,0
DA:89,0
DA:92,0
DA:97,1
DA:98,0
DA:99,0
DA:100,0
DA:101,0
DA:102,0
DA:103,0
DA:104,0
DA:105,0
DA:106,0
DA:107,0
DA:108,0
DA:109,0
DA:110,0
DA:112,0
DA:116,1
DA:117,0
DA:118,0
DA:119,0
DA:120,0
DA:121,0
DA:122,0
DA:123,0
DA:124,0
DA:125,0
DA:126,0
DA:128,0
DA:131,0
DA:132,0
DA:136,1
DA:137,0
DA:138,0
DA:139,0
DA:140,0
DA:142,0
DA:143,0
DA:144,0
DA:145,0
DA:146,0
DA:147,0
DA:148,0
DA:149,0
DA:151,0
DA:153,0
DA:157,1
LF:102
LH:10
BRDA:13,0,0,0
BRDA:13,0,1,0
BRDA:17,1,0,0
BRDA:17,1,1,0
BRDA:20,2,0,0
BRDA:20,2,1,0
BRDA:21,3,0,0
BRDA:21,3,1,0
BRDA:21,4,0,0
BRDA:21,4,1,0
BRDA:24,5,0,0
BRDA:24,5,1,0
BRDA:55,6,0,0
BRDA:55,6,1,0
BRDA:55,7,0,0
BRDA:55,7,1,0
BRDA:58,8,0,0
BRDA:58,8,1,0
BRDA:61,9,0,0
BRDA:61,9,1,0
BRDA:65,10,0,0
BRDA:65,10,1,0
BRDA:82,11,0,0
BRDA:82,11,1,0
BRDA:86,12,0,0
BRDA:86,12,1,0
BRDA:100,13,0,0
BRDA:100,13,1,0
BRDA:104,14,0,0
BRDA:104,14,1,0
BRDA:139,15,0,0
BRDA:139,15,1,0
BRF:32
BRH:0
end_of_record
TN:
SF:src\controllers\favs.controller.js
FN:3,(anonymous_0)
FN:34,(anonymous_1)
FNF:2
FNH:2
FNDA:7,(anonymous_0)
FNDA:7,(anonymous_1)
DA:1,2
DA:2,2
DA:3,2
DA:4,7
DA:5,7
DA:6,7
DA:7,7
DA:8,1
DA:9,6
DA:10,6
DA:12,0
DA:18,0
DA:19,0
DA:23,0
DA:26,0
DA:29,0
DA:34,2
DA:35,7
DA:36,7
DA:37,7
DA:38,7
DA:39,1
DA:40,6
DA:41,6
DA:43,0
DA:49,0
DA:50,0
DA:54,0
DA:57,0
DA:60,0
LF:30
LH:18
BRDA:7,0,0,1
BRDA:7,0,1,6
BRDA:9,1,0,6
BRDA:9,1,1,0
BRDA:18,2,0,0
BRDA:18,2,1,0
BRDA:38,3,0,1
BRDA:38,3,1,6
BRDA:40,4,0,6
BRDA:40,4,1,0
BRDA:49,5,0,0
BRDA:49,5,1,0
BRF:12
BRH:6
end_of_record
TN:
SF:src\controllers\gallery.controller.js
FN:8,(anonymous_0)
FN:35,(anonymous_1)
FN:62,(anonymous_2)
FNF:3
FNH:0
FNDA:0,(anonymous_0)
FNDA:0,(anonymous_1)
FNDA:0,(anonymous_2)
DA:1,1
DA:2,1
DA:3,1
DA:4,1
DA:5,1
DA:8,1
DA:9,0
DA:11,0
DA:13,0
DA:14,0
DA:16,0
DA:18,0
DA:19,0
DA:21,0
DA:23,0
DA:24,0
DA:25,0
DA:30,0
DA:35,1
DA:36,0
DA:37,0
DA:39,0
DA:40,0
DA:42,0
DA:44,0
DA:47,0
DA:49,0
DA:50,0
DA:51,0
DA:53,0
DA:58,0
DA:62,1
DA:63,0
DA:64,0
DA:66,0
DA:67,0
DA:69,0
DA:71,0
DA:74,0
DA:76,0
DA:77,0
DA:80,0
DA:82,0
DA:84,0
DA:89,0
DA:90,0
DA:93,0
DA:94,0
LF:48
LH:8
BRDA:11,0,0,0
BRDA:11,0,1,0
BRDA:37,1,0,0
BRDA:37,1,1,0
BRDA:40,2,0,0
BRDA:40,2,1,0
BRDA:42,3,0,0
BRDA:42,3,1,0
BRDA:47,4,0,0
BRDA:47,4,1,0
BRDA:64,5,0,0
BRDA:64,5,1,0
BRDA:67,6,0,0
BRDA:67,6,1,0
BRDA:69,7,0,0
BRDA:69,7,1,0
BRDA:74,8,0,0
BRDA:74,8,1,0
BRDA:82,9,0,0
BRDA:82,9,1,0
BRDA:89,10,0,0
BRDA:89,10,1,0
BRF:22
BRH:0
end_of_record
TN:
SF:src\controllers\index.js
FNF:0
FNH:0
DA:1,1
LF:1
LH:1
BRF:0
BRH:0
end_of_record
TN:
SF:src\controllers\photo.controller.js
FN:6,(anonymous_0)
FN:9,(anonymous_1)
FN:19,(anonymous_2)
FN:27,(anonymous_3)
FN:51,(anonymous_4)
FN:64,(anonymous_5)
FN:84,(anonymous_6)
FN:114,(anonymous_7)
FNF:8
FNH:0
FNDA:0,(anonymous_0)
FNDA:0,(anonymous_1)
FNDA:0,(anonymous_2)
FNDA:0,(anonymous_3)
FNDA:0,(anonymous_4)
FNDA:0,(anonymous_5)
FNDA:0,(anonymous_6)
FNDA:0,(anonymous_7)
DA:1,1
DA:2,1
DA:5,1
DA:7,0
DA:10,0
DA:14,1
DA:20,0
DA:21,0
DA:27,1
DA:28,0
DA:29,0
DA:34,0
DA:35,0
DA:36,0
DA:37,0
DA:39,0
DA:40,0
DA:41,0
DA:44,0
DA:51,1
DA:53,0
DA:54,0
DA:56,0
DA:58,0
DA:59,0
DA:60,0
DA:64,1
DA:66,0
DA:67,0
DA:69,0
DA:71,0
DA:72,0
DA:73,0
DA:75,0
DA:76,0
DA:79,0
DA:84,1
DA:86,0
DA:87,0
DA:89,0
DA:90,0
DA:92,0
DA:93,0
DA:95,0
DA:96,0
DA:98,0
DA:102,0
DA:103,0
DA:104,0
DA:105,0
DA:108,0
DA:114,1
DA:116,0
DA:117,0
DA:119,0
DA:120,0
DA:122,0
DA:123,0
DA:125,0
DA:126,0
DA:128,0
DA:129,0
DA:131,0
DA:132,0
DA:134,0
DA:135,0
DA:136,0
DA:137,0
DA:140,0
LF:69
LH:9
BRDA:20,0,0,0
BRDA:20,0,1,0
BRDA:35,1,0,0
BRDA:35,1,1,0
BRDA:54,2,0,0
BRDA:54,2,1,0
BRDA:58,3,0,0
BRDA:58,3,1,0
BRDA:59,4,0,0
BRDA:59,4,1,0
BRDA:59,5,0,0
BRDA:59,5,1,0
BRDA:67,6,0,0
BRDA:67,6,1,0
BRDA:71,7,0,0
BRDA:71,7,1,0
BRDA:72,8,0,0
BRDA:72,8,1,0
BRDA:72,9,0,0
BRDA:72,9,1,0
BRDA:87,10,0,0
BRDA:87,10,1,0
BRDA:90,11,0,0
BRDA:90,11,1,0
BRDA:92,12,0,0
BRDA:92,12,1,0
BRDA:92,13,0,0
BRDA:92,13,1,0
BRDA:96,14,0,0
BRDA:96,14,1,0
BRDA:117,15,0,0
BRDA:117,15,1,0
BRDA:120,16,0,0
BRDA:120,16,1,0
BRDA:122,17,0,0
BRDA:122,17,1,0
BRDA:122,18,0,0
BRDA:122,18,1,0
BRDA:126,19,0,0
BRDA:126,19,1,0
BRDA:129,20,0,0
BRDA:129,20,1,0
BRDA:131,21,0,0
BRDA:131,21,1,0
BRDA:131,22,0,0
BRDA:131,22,1,0
BRF:46
BRH:0
end_of_record
TN:
SF:src\controllers\user.controller.js
FN:13,(anonymous_0)
FN:37,(anonymous_1)
FN:55,(anonymous_2)
FN:56,(anonymous_3)
FN:74,(anonymous_4)
FN:79,(anonymous_5)
FN:85,(anonymous_6)
FN:111,(anonymous_7)
FN:113,(anonymous_8)
FN:117,(anonymous_9)
FNF:10
FNH:2
FNDA:1,(anonymous_0)
FNDA:0,(anonymous_1)
FNDA:0,(anonymous_2)
FNDA:0,(anonymous_3)
FNDA:1,(anonymous_4)
FNDA:0,(anonymous_5)
FNDA:0,(anonymous_6)
FNDA:0,(anonymous_7)
FNDA:0,(anonymous_8)
FNDA:0,(anonymous_9)
DA:1,2
DA:2,2
DA:3,2
DA:4,2
DA:6,2
DA:7,2
DA:8,2
DA:13,2
DA:14,1
DA:15,0
DA:16,0
DA:17,0
DA:29,0
DA:39,0
DA:40,0
DA:41,0
DA:42,0
DA:46,0
DA:47,0
DA:55,2
DA:56,0
DA:57,0
DA:58,0
DA:59,0
DA:60,0
DA:61,0
DA:74,2
DA:75,1
DA:76,0
DA:77,0
DA:79,0
DA:80,0
DA:81,0
DA:83,0
DA:85,0
DA:87,0
DA:88,0
DA:91,0
DA:92,0
DA:93,0
DA:96,0
DA:98,0
DA:99,0
DA:111,2
DA:112,0
DA:113,0
DA:115,0
DA:117,0
DA:118,0
DA:119,0
DA:121,0
DA:122,0
DA:123,0
LF:53
LH:13
BRDA:15,0,0,0
BRDA:15,0,1,0
BRDA:39,1,0,0
BRDA:39,1,1,0
BRDA:40,2,0,0
BRDA:40,2,1,0
BRDA:57,3,0,0
BRDA:57,3,1,0
BRDA:59,4,0,0
BRDA:59,4,1,0
BRDA:76,5,0,0
BRDA:76,5,1,0
BRDA:80,6,0,0
BRDA:80,6,1,0
BRDA:83,7,0,0
BRDA:83,7,1,0
BRDA:87,8,0,0
BRDA:87,8,1,0
BRDA:98,9,0,0
BRDA:98,9,1,0
BRDA:118,10,0,0
BRDA:118,10,1,0
BRF:22
BRH:0
end_of_record
TN:
SF:src\middlewares\auth.js
FN:9,(anonymous_0)
FN:18,(anonymous_1)
FN:25,(anonymous_2)
FN:41,(anonymous_3)
FN:43,(anonymous_4)
FN:78,(anonymous_5)
FNF:6
FNH:3
FNDA:1,(anonymous_0)
FNDA:7,(anonymous_1)
FNDA:7,(anonymous_2)
FNDA:0,(anonymous_3)
FNDA:0,(anonymous_4)
FNDA:0,(anonymous_5)
DA:1,2
DA:2,2
DA:3,2
DA:4,2
DA:5,2
DA:6,2
DA:9,2
DA:11,1
DA:12,1
DA:18,2
DA:21,7
DA:22,7
DA:23,2
DA:25,7
DA:27,7
DA:28,2
DA:30,5
DA:31,0
DA:32,5
DA:34,5
DA:41,2
DA:43,0
DA:44,0
DA:45,0
DA:46,0
DA:54,0
DA:67,0
DA:69,0
DA:78,0
DA:80,0
DA:81,0
DA:83,0
LF:32
LH:20
BRDA:22,0,0,2
BRDA:22,0,1,5
BRDA:27,1,0,2
BRDA:27,1,1,5
BRDA:30,2,0,0
BRDA:30,2,1,5
BRDA:44,3,0,0
BRDA:44,3,1,0
BRDA:80,4,0,0
BRDA:80,4,1,0
BRF:10
BRH:5
end_of_record
TN:
SF:src\models\album.model.js
FN:37,validateAlbumId
FN:46,validateCreateAlbum
FN:58,validateUpdateAlbum
FNF:3
FNH:0
FNDA:0,validateAlbumId
FNDA:0,validateCreateAlbum
FNDA:0,validateUpdateAlbum
DA:1,1
DA:2,1
DA:3,1
DA:4,1
DA:6,1
DA:39,0
DA:42,0
DA:43,0
DA:48,0
DA:54,0
DA:55,0
DA:60,0
DA:65,0
DA:66,0
DA:70,1
DA:73,1
LF:16
LH:7
BRF:0
BRH:0
end_of_record
TN:
SF:src\models\gallery.model.js
FN:46,validateGallery
FNF:1
FNH:0
FNDA:0,validateGallery
DA:1,1
DA:2,1
DA:3,1
DA:5,1
DA:45,1
DA:47,0
DA:51,0
DA:54,1
DA:55,1
DA:56,1
LF:10
LH:8
BRF:0
BRH:0
end_of_record
TN:
SF:src\models\index.js
FNF:0
FNH:0
DA:2,2
DA:4,2
LF:2
LH:2
BRF:0
BRH:0
end_of_record
TN:
SF:src\models\photo.model.js
FN:84,validatePhoto
FN:99,validateComment
FN:108,validateId
FNF:3
FNH:0
FNDA:0,validatePhoto
FNDA:0,validateComment
FNDA:0,validateId
DA:1,2
DA:2,2
DA:3,2
DA:6,2
DA:23,2
DA:25,2
DA:82,2
DA:85,0
DA:93,0
DA:94,0
DA:100,0
DA:103,0
DA:104,0
DA:109,0
DA:112,0
DA:113,0
DA:116,2
DA:117,2
DA:118,2
DA:119,2
DA:120,2
LF:21
LH:12
BRF:0
BRH:0
end_of_record
TN:
SF:src\models\user.model.js
FN:124,(anonymous_0)
FN:139,(anonymous_1)
FNF:2
FNH:2
FNDA:1,(anonymous_0)
FNDA:1,(anonymous_1)
DA:1,4
DA:2,4
DA:3,4
DA:5,4
DA:124,4
DA:126,1
DA:134,1
DA:139,4
DA:141,1
DA:146,1
DA:151,4
LF:11
LH:11
BRF:0
BRH:0
end_of_record
TN:
SF:src\routes\v1\album.route.js
FNF:0
FNH:0
DA:1,1
DA:2,1
DA:3,1
DA:4,1
DA:75,1
DA:141,1
DA:196,1
DA:249,1
DA:284,1
DA:329,1
DA:418,1
LF:11
LH:11
BRF:0
BRH:0
end_of_record
TN:
SF:src\routes\v1\docs.route.js
FNF:0
FNH:0
DA:1,1
DA:2,1
DA:3,1
DA:5,1
DA:7,1
DA:19,1
DA:20,1
DA:26,1
LF:8
LH:8
BRF:0
BRH:0
end_of_record
TN:
SF:src\routes\v1\favs.route.js
FN:63,(anonymous_0)
FN:64,(anonymous_1)
FN:114,(anonymous_2)
FNF:3
FNH:3
FNDA:7,(anonymous_0)
FNDA:2,(anonymous_1)
FNDA:3,(anonymous_2)
DA:10,1
DA:12,1
DA:13,1
DA:14,1
DA:63,7
DA:64,2
DA:114,3
DA:116,1
LF:8
LH:8
BRF:0
BRH:0
end_of_record
TN:
SF:src\routes\v1\galleries.route.js
FN:180,(anonymous_0)
FN:242,(anonymous_1)
FNF:2
FNH:0
FNDA:0,(anonymous_0)
FNDA:0,(anonymous_1)
DA:1,1
DA:2,1
DA:3,1
DA:4,1
DA:5,1
DA:6,1
DA:8,1
DA:62,1
DA:119,1
DA:180,1
DA:182,0
DA:183,0
DA:184,0
DA:185,0
DA:242,1
DA:301,1
DA:316,1
LF:17
LH:13
BRDA:183,0,0,0
BRDA:183,0,1,0
BRF:2
BRH:0
end_of_record
TN:
SF:src\routes\v1\groups.route.js
FN:5,(anonymous_0)
FN:43,(anonymous_1)
FN:84,(anonymous_2)
FN:132,(anonymous_3)
FN:184,(anonymous_4)
FN:220,(anonymous_5)
FN:256,(anonymous_6)
FN:299,(anonymous_7)
FN:351,(anonymous_8)
FNF:9
FNH:0
FNDA:0,(anonymous_0)
FNDA:0,(anonymous_1)
FNDA:0,(anonymous_2)
FNDA:0,(anonymous_3)
FNDA:0,(anonymous_4)
FNDA:0,(anonymous_5)
FNDA:0,(anonymous_6)
FNDA:0,(anonymous_7)
FNDA:0,(anonymous_8)
DA:1,1
DA:2,1
DA:4,1
DA:5,1
DA:6,0
DA:43,1
DA:44,0
DA:84,1
DA:85,0
DA:132,1
DA:184,1
DA:220,1
DA:256,1
DA:299,1
DA:351,1
DA:352,0
DA:392,1
LF:17
LH:13
BRF:0
BRH:0
end_of_record
TN:
SF:src\routes\v1\index.js
FNF:0
FNH:0
DA:1,1
DA:2,1
DA:3,1
DA:4,1
DA:5,1
DA:6,1
DA:7,1
DA:8,1
DA:11,1
DA:12,1
DA:13,1
DA:14,1
DA:15,1
DA:16,1
DA:17,1
DA:18,1
DA:19,1
LF:17
LH:17
BRF:0
BRH:0
end_of_record
TN:
SF:src\routes\v1\photos.route.js
FN:133,(anonymous_0)
FN:241,(anonymous_1)
FN:359,(anonymous_2)
FN:395,(anonymous_3)
FN:449,(anonymous_4)
FN:555,(anonymous_5)
FN:598,(anonymous_6)
FN:639,(anonymous_7)
FNF:8
FNH:0
FNDA:0,(anonymous_0)
FNDA:0,(anonymous_1)
FNDA:0,(anonymous_2)
FNDA:0,(anonymous_3)
FNDA:0,(anonymous_4)
FNDA:0,(anonymous_5)
FNDA:0,(anonymous_6)
FNDA:0,(anonymous_7)
DA:1,1
DA:2,1
DA:3,1
DA:4,1
DA:5,1
DA:85,1
DA:133,1
DA:196,1
DA:241,1
DA:292,1
DA:359,1
DA:395,1
DA:449,1
DA:509,1
DA:555,1
DA:598,1
DA:639,1
DA:722,1
LF:18
LH:18
BRF:0
BRH:0
end_of_record
TN:
SF:src\routes\v1\user.route.js
FN:191,(anonymous_0)
FN:241,(anonymous_1)
FN:404,(anonymous_2)
FN:444,(anonymous_3)
FN:487,(anonymous_4)
FN:547,(anonymous_5)
FN:584,(anonymous_6)
FN:633,(anonymous_7)
FN:683,(anonymous_8)
FN:730,(anonymous_9)
FNF:10
FNH:0
FNDA:0,(anonymous_0)
FNDA:0,(anonymous_1)
FNDA:0,(anonymous_2)
FNDA:0,(anonymous_3)
FNDA:0,(anonymous_4)
FNDA:0,(anonymous_5)
FNDA:0,(anonymous_6)
FNDA:0,(anonymous_7)
FNDA:0,(anonymous_8)
FNDA:0,(anonymous_9)
DA:1,1
DA:2,1
DA:3,1
DA:4,1
DA:5,1
DA:191,1
DA:241,1
DA:290,1
DA:291,1
DA:332,1
DA:370,1
DA:404,1
DA:444,1
DA:487,1
DA:547,1
DA:584,1
DA:633,1
DA:683,1
DA:730,1
DA:733,0
DA:762,1
LF:21
LH:20
BRF:0
BRH:0
end_of_record
