TN:
SF:src\app.js
FNF:0
FNH:0
DA:1,1
DA:2,1
DA:3,1
DA:4,1
DA:6,1
DA:9,1
DA:12,1
DA:14,1
DA:17,1
DA:18,1
DA:21,1
DA:27,1
LF:12
LH:12
BRF:0
BRH:0
end_of_record
TN:
SF:src\controllers\favs.controller.js
FN:3,(anonymous_0)
FN:34,(anonymous_1)
FNF:2
FNH:2
FNDA:7,(anonymous_0)
FNDA:7,(anonymous_1)
DA:1,2
DA:2,2
DA:3,2
DA:4,7
DA:5,7
DA:6,7
DA:7,7
DA:8,1
DA:9,6
DA:10,2
DA:12,4
DA:18,4
DA:19,1
DA:23,3
DA:26,3
DA:29,3
DA:34,2
DA:35,7
DA:36,7
DA:37,7
DA:38,7
DA:39,1
DA:40,6
DA:41,2
DA:43,4
DA:49,4
DA:50,2
DA:54,2
DA:57,2
DA:60,2
LF:30
LH:30
BRDA:7,0,0,1
BRDA:7,0,1,6
BRDA:9,1,0,2
BRDA:9,1,1,4
BRDA:18,2,0,1
BRDA:18,2,1,3
BRDA:38,3,0,1
BRDA:38,3,1,6
BRDA:40,4,0,2
BRDA:40,4,1,4
BRDA:49,5,0,2
BRDA:49,5,1,2
BRF:12
BRH:12
end_of_record
TN:
SF:src\controllers\gallery.controller.js
FN:8,(anonymous_0)
FN:35,(anonymous_1)
FN:62,(anonymous_2)
FNF:3
FNH:0
FNDA:0,(anonymous_0)
FNDA:0,(anonymous_1)
FNDA:0,(anonymous_2)
DA:1,1
DA:2,1
DA:3,1
DA:4,1
DA:5,1
DA:8,1
DA:9,0
DA:11,0
DA:13,0
DA:14,0
DA:16,0
DA:18,0
DA:19,0
DA:21,0
DA:23,0
DA:24,0
DA:25,0
DA:30,0
DA:35,1
DA:36,0
DA:37,0
DA:39,0
DA:40,0
DA:42,0
DA:44,0
DA:47,0
DA:49,0
DA:50,0
DA:51,0
DA:53,0
DA:58,0
DA:62,1
DA:63,0
DA:64,0
DA:66,0
DA:67,0
DA:69,0
DA:71,0
DA:74,0
DA:76,0
DA:77,0
DA:80,0
DA:82,0
DA:84,0
DA:89,0
DA:90,0
DA:93,0
DA:94,0
LF:48
LH:8
BRDA:11,0,0,0
BRDA:11,0,1,0
BRDA:37,1,0,0
BRDA:37,1,1,0
BRDA:40,2,0,0
BRDA:40,2,1,0
BRDA:42,3,0,0
BRDA:42,3,1,0
BRDA:47,4,0,0
BRDA:47,4,1,0
BRDA:64,5,0,0
BRDA:64,5,1,0
BRDA:67,6,0,0
BRDA:67,6,1,0
BRDA:69,7,0,0
BRDA:69,7,1,0
BRDA:74,8,0,0
BRDA:74,8,1,0
BRDA:82,9,0,0
BRDA:82,9,1,0
BRDA:89,10,0,0
BRDA:89,10,1,0
BRF:22
BRH:0
end_of_record
TN:
SF:src\controllers\index.js
FNF:0
FNH:0
DA:1,1
LF:1
LH:1
BRF:0
BRH:0
end_of_record
TN:
SF:src\controllers\user.controller.js
FN:13,(anonymous_0)
FN:37,(anonymous_1)
FN:55,(anonymous_2)
FN:56,(anonymous_3)
FN:74,(anonymous_4)
FN:79,(anonymous_5)
FN:85,(anonymous_6)
FN:111,(anonymous_7)
FN:113,(anonymous_8)
FN:117,(anonymous_9)
FNF:10
FNH:0
FNDA:0,(anonymous_0)
FNDA:0,(anonymous_1)
FNDA:0,(anonymous_2)
FNDA:0,(anonymous_3)
FNDA:0,(anonymous_4)
FNDA:0,(anonymous_5)
FNDA:0,(anonymous_6)
FNDA:0,(anonymous_7)
FNDA:0,(anonymous_8)
FNDA:0,(anonymous_9)
DA:1,1
DA:2,1
DA:3,1
DA:4,1
DA:6,1
DA:7,1
DA:8,1
DA:13,1
DA:14,0
DA:15,0
DA:16,0
DA:17,0
DA:29,0
DA:39,0
DA:40,0
DA:41,0
DA:42,0
DA:46,0
DA:47,0
DA:55,1
DA:56,0
DA:57,0
DA:58,0
DA:59,0
DA:60,0
DA:61,0
DA:74,1
DA:75,0
DA:76,0
DA:77,0
DA:79,0
DA:80,0
DA:81,0
DA:83,0
DA:85,0
DA:87,0
DA:88,0
DA:91,0
DA:92,0
DA:93,0
DA:96,0
DA:98,0
DA:99,0
DA:111,1
DA:112,0
DA:113,0
DA:115,0
DA:117,0
DA:118,0
DA:119,0
DA:121,0
DA:122,0
DA:123,0
LF:53
LH:11
BRDA:15,0,0,0
BRDA:15,0,1,0
BRDA:39,1,0,0
BRDA:39,1,1,0
BRDA:40,2,0,0
BRDA:40,2,1,0
BRDA:57,3,0,0
BRDA:57,3,1,0
BRDA:59,4,0,0
BRDA:59,4,1,0
BRDA:76,5,0,0
BRDA:76,5,1,0
BRDA:80,6,0,0
BRDA:80,6,1,0
BRDA:83,7,0,0
BRDA:83,7,1,0
BRDA:87,8,0,0
BRDA:87,8,1,0
BRDA:98,9,0,0
BRDA:98,9,1,0
BRDA:118,10,0,0
BRDA:118,10,1,0
BRF:22
BRH:0
end_of_record
TN:
SF:src\middlewares\auth.js
FN:9,(anonymous_0)
FN:18,(anonymous_1)
FN:25,(anonymous_2)
FN:41,(anonymous_3)
FN:43,(anonymous_4)
FN:77,(anonymous_5)
FNF:6
FNH:2
FNDA:0,(anonymous_0)
FNDA:7,(anonymous_1)
FNDA:7,(anonymous_2)
FNDA:0,(anonymous_3)
FNDA:0,(anonymous_4)
FNDA:0,(anonymous_5)
DA:1,1
DA:2,1
DA:3,1
DA:4,1
DA:5,1
DA:6,1
DA:9,1
DA:11,0
DA:12,0
DA:18,1
DA:21,7
DA:22,7
DA:23,2
DA:25,7
DA:27,7
DA:28,2
DA:30,5
DA:31,0
DA:32,5
DA:34,5
DA:41,1
DA:43,0
DA:44,0
DA:45,0
DA:46,0
DA:53,0
DA:66,0
DA:68,0
DA:77,0
DA:79,0
DA:80,0
DA:82,0
LF:32
LH:18
BRDA:22,0,0,2
BRDA:22,0,1,5
BRDA:27,1,0,2
BRDA:27,1,1,5
BRDA:30,2,0,0
BRDA:30,2,1,5
BRDA:44,3,0,0
BRDA:44,3,1,0
BRDA:79,4,0,0
BRDA:79,4,1,0
BRF:10
BRH:5
end_of_record
TN:
SF:src\models\gallery.model.js
FN:46,validateGallery
FNF:1
FNH:0
FNDA:0,validateGallery
DA:1,1
DA:2,1
DA:3,1
DA:5,1
DA:45,1
DA:47,0
DA:51,0
DA:54,1
DA:55,1
DA:56,1
LF:10
LH:8
BRF:0
BRH:0
end_of_record
TN:
SF:src\models\index.js
FNF:0
FNH:0
DA:2,2
DA:4,2
LF:2
LH:2
BRF:0
BRH:0
end_of_record
TN:
SF:src\models\photo.model.js
FNF:0
FNH:0
DA:1,2
DA:2,2
DA:4,2
DA:38,2
DA:39,2
LF:5
LH:5
BRF:0
BRH:0
end_of_record
TN:
SF:src\models\user.model.js
FN:124,(anonymous_0)
FN:139,(anonymous_1)
FNF:2
FNH:0
FNDA:0,(anonymous_0)
FNDA:0,(anonymous_1)
DA:1,2
DA:2,2
DA:3,2
DA:5,2
DA:124,2
DA:126,0
DA:134,0
DA:139,2
DA:141,0
DA:146,0
DA:151,2
LF:11
LH:7
BRF:0
BRH:0
end_of_record
TN:
SF:src\routes\v1\album.route.js
FN:54,(anonymous_0)
FN:102,(anonymous_1)
FN:149,(anonymous_2)
FN:193,(anonymous_3)
FNF:4
FNH:0
FNDA:0,(anonymous_0)
FNDA:0,(anonymous_1)
FNDA:0,(anonymous_2)
FNDA:0,(anonymous_3)
DA:51,1
DA:52,1
DA:54,1
DA:55,0
DA:102,1
DA:149,1
DA:193,1
DA:234,1
LF:8
LH:7
BRF:0
BRH:0
end_of_record
TN:
SF:src\routes\v1\docs.route.js
FNF:0
FNH:0
DA:1,1
DA:2,1
DA:3,1
DA:5,1
DA:7,1
DA:19,1
DA:20,1
DA:26,1
LF:8
LH:8
BRF:0
BRH:0
end_of_record
TN:
SF:src\routes\v1\favs.route.js
FN:63,(anonymous_0)
FN:64,(anonymous_1)
FN:114,(anonymous_2)
FNF:3
FNH:3
FNDA:7,(anonymous_0)
FNDA:2,(anonymous_1)
FNDA:3,(anonymous_2)
DA:10,1
DA:12,1
DA:13,1
DA:14,1
DA:63,7
DA:64,2
DA:114,3
DA:116,1
LF:8
LH:8
BRF:0
BRH:0
end_of_record
TN:
SF:src\routes\v1\galleries.route.js
FN:180,(anonymous_0)
FN:242,(anonymous_1)
FNF:2
FNH:0
FNDA:0,(anonymous_0)
FNDA:0,(anonymous_1)
DA:1,1
DA:2,1
DA:3,1
DA:4,1
DA:5,1
DA:6,1
DA:8,1
DA:62,1
DA:119,1
DA:180,1
DA:182,0
DA:183,0
DA:184,0
DA:185,0
DA:242,1
DA:301,1
DA:316,1
LF:17
LH:13
BRDA:183,0,0,0
BRDA:183,0,1,0
BRF:2
BRH:0
end_of_record
TN:
SF:src\routes\v1\groups.route.js
FN:5,(anonymous_0)
FN:43,(anonymous_1)
FN:84,(anonymous_2)
FN:132,(anonymous_3)
FN:184,(anonymous_4)
FN:220,(anonymous_5)
FN:256,(anonymous_6)
FN:299,(anonymous_7)
FN:351,(anonymous_8)
FNF:9
FNH:0
FNDA:0,(anonymous_0)
FNDA:0,(anonymous_1)
FNDA:0,(anonymous_2)
FNDA:0,(anonymous_3)
FNDA:0,(anonymous_4)
FNDA:0,(anonymous_5)
FNDA:0,(anonymous_6)
FNDA:0,(anonymous_7)
FNDA:0,(anonymous_8)
DA:1,1
DA:2,1
DA:4,1
DA:5,1
DA:6,0
DA:43,1
DA:44,0
DA:84,1
DA:85,0
DA:132,1
DA:184,1
DA:220,1
DA:256,1
DA:299,1
DA:351,1
DA:352,0
DA:392,1
LF:17
LH:13
BRF:0
BRH:0
end_of_record
TN:
SF:src\routes\v1\index.js
FNF:0
FNH:0
DA:1,1
DA:2,1
DA:3,1
DA:4,1
DA:5,1
DA:6,1
DA:7,1
DA:10,1
DA:11,1
DA:12,1
DA:13,1
DA:14,1
DA:15,1
DA:16,1
DA:17,1
LF:15
LH:15
BRF:0
BRH:0
end_of_record
TN:
SF:src\routes\v1\user.route.js
FN:191,(anonymous_0)
FN:241,(anonymous_1)
FN:404,(anonymous_2)
FN:444,(anonymous_3)
FN:487,(anonymous_4)
FN:547,(anonymous_5)
FN:584,(anonymous_6)
FN:633,(anonymous_7)
FN:683,(anonymous_8)
FN:730,(anonymous_9)
FNF:10
FNH:0
FNDA:0,(anonymous_0)
FNDA:0,(anonymous_1)
FNDA:0,(anonymous_2)
FNDA:0,(anonymous_3)
FNDA:0,(anonymous_4)
FNDA:0,(anonymous_5)
FNDA:0,(anonymous_6)
FNDA:0,(anonymous_7)
FNDA:0,(anonymous_8)
FNDA:0,(anonymous_9)
DA:1,1
DA:2,1
DA:3,1
DA:4,1
DA:5,1
DA:191,1
DA:241,1
DA:290,1
DA:291,1
DA:332,1
DA:370,1
DA:404,1
DA:444,1
DA:487,1
DA:547,1
DA:584,1
DA:633,1
DA:683,1
DA:730,1
DA:733,0
DA:762,1
LF:21
LH:20
BRF:0
BRH:0
end_of_record
